#
# A fatal error has been detected by the Java Runtime Environment:
#
#  SIGSEGV (0xb) at pc=0x00007f09871c1f51, pid=6278, tid=139679116994304
#
# JRE version: 6.0_24-b24
# Java VM: OpenJDK 64-Bit Server VM (20.0-b12 mixed mode linux-amd64 compressed oops)
# Derivative: IcedTea6 1.11.5
# Distribution: Ubuntu 12.04 LTS, package 6b24-1.11.5-0ubuntu1~12.04.1
# Problematic frame:
# C  [ObjectiveMedia_lin64.so+0xa9f51]  Java_com_mti_primitives_devices_VideoInputDevice_PlatformOpen+0x33f
#
# If you would like to submit a bug report, please include
# instructions how to reproduce the bug and visit:
#   https://bugs.launchpad.net/ubuntu/+source/openjdk-6/
# The crash happened outside the Java Virtual Machine in native code.
# See problematic frame for where to report the bug.
#

---------------  T H R E A D  ---------------

Current thread (0x00007f09a02ab800):  JavaThread "AWT-EventQueue-0" [_thread_in_native, id=6308, stack(0x00007f099416a000,0x00007f099426b000)]

siginfo:si_signo=SIGSEGV: si_errno=0, si_code=128 (), si_addr=0x0000000000000000

Registers:
RAX=0x00007f092c184f70, RBX=0x000000000000000f, RCX=0x009cbde000000048, RDX=0x00007f092c185110
RSP=0x00007f0994267710, RBP=0x00007f0994267ba0, RSI=0x00007f092c185110, RDI=0x00007f092c184f70
R8 =0x00007f0987a66ed0, R9 =0x0000000000000000, R10=0x00007f09942674a0, R11=0x00007f09a73a3980
R12=0x0000000000000000, R13=0x0000000000000140, R14=0x00000000000000f0, R15=0x00007f09a02ab800
RIP=0x00007f09871c1f51, EFLAGS=0x0000000000010206, CSGSFS=0x0000000000000033, ERR=0x0000000000000000
  TRAPNO=0x000000000000000d

Top of Stack: (sp=0x00007f0994267710)
0x00007f0994267710:   000000000000000f ffffffff00000000
0x00007f0994267720:   00000008ffffffff 00000000a70e6cd0
0x00007f0994267730:   00000140000000f0 00007f0994267c68
0x00007f0994267740:   00007f0994267c70 00007f09a02ab9d0
0x00007f0994267750:   00007f092c1850f0 00007f092c1850f0
0x00007f0994267760:   00007f092c185100 00007f09942677f0
0x00007f0994267770:   00007f092c185200 00007f092c1851e0
0x00007f0994267780:   00007f092c185110 0000000200000000
0x00007f0994267790:   00007f0944064c10 00007f099d012296
0x00007f09942677a0:   00007f09942677d0 00007f09a67cd12f
0x00007f09942677b0:   00007f0994267a90 0000000014aaab34
0x00007f09942677c0:   00007f09a0006510 00007f09a69d9e5a
0x00007f09942677d0:   00007f0994267a90 00007f0994267a90
0x00007f09942677e0:   00007f09942678d0 00007f09a6a127e8
0x00007f09942677f0:   00007f09a70e6e50 0000000000000000
0x00007f0994267800:   00007f099d012296 00007f09a01a58a0
0x00007f0994267810:   00007f0994267880 00007f09a6c48e00
0x00007f0994267820:   00007f099d012296 00007f09a02ab800
0x00007f0994267830:   00007f0994267860 0000000014aaab34
0x00007f0994267840:   00007f09a70e6e50 0000000000000000
0x00007f0994267850:   00007f099d012296 00007f09a01a58a0
0x00007f0994267860:   00007f0994267880 00007f09a6c48e00
0x00007f0994267870:   00007f099d012296 00007f09a69d9e5a
0x00007f0994267880:   00007f09a70e6e50 00007f099d048fe5
0x00007f0994267890:   00007f09942678d0 00007f09a6a1b352
0x00007f09942678a0:   00007f0994267880 00007f0994267930
0x00007f09942678b0:   00007f09942678d0 00007f09a68d4ea0
0x00007f09942678c0:   00007f094406dc48 00007f09a007b340
0x00007f09942678d0:   00007f0994267b50 00007f09a6a1c268
0x00007f09942678e0:   0000000000000000 00007f0944064e50
0x00007f09942678f0:   00007f0994267a58 00007f0900000400
0x00007f0994267900:   00007f0944064c10 0000000700000079 

Instructions: (pc=0x00007f09871c1f51)
0x00007f09871c1f31:   8b 05 11 53 8a 00 48 8b 00 48 8b 08 48 8b 05 04
0x00007f09871c1f41:   53 8a 00 48 8b 95 e0 fb ff ff 48 89 d6 48 89 c7
0x00007f09871c1f51:   ff d1 89 85 e8 fb ff ff 8b 85 e8 fb ff ff 89 c2
0x00007f09871c1f61:   48 8d 35 3e de 4d 00 48 8d 3d f1 4e 8a 00 b8 00 

Register to memory mapping:

RAX=0x00007f092c184f70 is an unknown value
RBX=0x000000000000000f is an unknown value
RCX=0x009cbde000000048 is an unknown value
RDX=0x00007f092c185110 is an unknown value
RSP=0x00007f0994267710 is pointing into the stack for thread: 0x00007f09a02ab800
RBP=0x00007f0994267ba0 is pointing into the stack for thread: 0x00007f09a02ab800
RSI=0x00007f092c185110 is an unknown value
RDI=0x00007f092c184f70 is an unknown value
R8 =0x00007f0987a66ed0: <offset 0x94eed0> in /home/nathan/objectivemedia/linux/ObjectiveMedia/dist/Debug64/lin64/ObjectiveMedia_lin64.so at 0x00007f0987118000
R9 =0x0000000000000000 is an unknown value
R10=0x00007f09942674a0 is pointing into the stack for thread: 0x00007f09a02ab800
R11=0x00007f09a73a3980: sprintf+0 in /lib/x86_64-linux-gnu/libc.so.6 at 0x00007f09a7350000
R12=0x0000000000000000 is an unknown value
R13=0x0000000000000140 is an unknown value
R14=0x00000000000000f0 is an unknown value
R15=0x00007f09a02ab800 is a thread


Stack: [0x00007f099416a000,0x00007f099426b000],  sp=0x00007f0994267710,  free space=1013k
Native frames: (J=compiled Java code, j=interpreted, Vv=VM code, C=native code)
C  [ObjectiveMedia_lin64.so+0xa9f51]  Java_com_mti_primitives_devices_VideoInputDevice_PlatformOpen+0x33f
j  com.mti.primitives.devices.VideoInputDevice.PlatformOpen(Lcom/mti/primitives/devices/DeviceListener;IIII)I+0
j  com.mti.primitives.devices.VideoInputDevice.Open(Lcom/mti/primitives/devices/MediaFormat;)Lcom/mti/primitives/devices/Device_Errors;+44
j  objectivemediasample.MainForm.OpenVideoInputDevice()Z+72
j  objectivemediasample.MainForm.RunVideoTest()Z+59
j  objectivemediasample.MainForm.btnRunActionPerformed(Ljava/awt/event/ActionEvent;)V+11
j  objectivemediasample.MainForm.access$1800(Lobjectivemediasample/MainForm;Ljava/awt/event/ActionEvent;)V+2
j  objectivemediasample.MainForm$10.actionPerformed(Ljava/awt/event/ActionEvent;)V+5
j  javax.swing.AbstractButton.fireActionPerformed(Ljava/awt/event/ActionEvent;)V+84
j  javax.swing.AbstractButton$Handler.actionPerformed(Ljava/awt/event/ActionEvent;)V+5
j  javax.swing.DefaultButtonModel.fireActionPerformed(Ljava/awt/event/ActionEvent;)V+35
j  javax.swing.DefaultButtonModel.setPressed(Z)V+117
j  javax.swing.plaf.basic.BasicButtonListener.mouseReleased(Ljava/awt/event/MouseEvent;)V+35
j  java.awt.Component.processMouseEvent(Ljava/awt/event/MouseEvent;)V+64
j  javax.swing.JComponent.processMouseEvent(Ljava/awt/event/MouseEvent;)V+23
j  java.awt.Component.processEvent(Ljava/awt/AWTEvent;)V+81
j  java.awt.Container.processEvent(Ljava/awt/AWTEvent;)V+18
j  java.awt.Component.dispatchEventImpl(Ljava/awt/AWTEvent;)V+589
j  java.awt.Container.dispatchEventImpl(Ljava/awt/AWTEvent;)V+42
j  java.awt.Component.dispatchEvent(Ljava/awt/AWTEvent;)V+2
j  java.awt.LightweightDispatcher.retargetMouseEvent(Ljava/awt/Component;ILjava/awt/event/MouseEvent;)V+320
j  java.awt.LightweightDispatcher.processMouseEvent(Ljava/awt/event/MouseEvent;)Z+139
j  java.awt.LightweightDispatcher.dispatchEvent(Ljava/awt/AWTEvent;)Z+50
j  java.awt.Container.dispatchEventImpl(Ljava/awt/AWTEvent;)V+12
j  java.awt.Window.dispatchEventImpl(Ljava/awt/AWTEvent;)V+19
j  java.awt.Component.dispatchEvent(Ljava/awt/AWTEvent;)V+2
j  java.awt.EventQueue.dispatchEventImpl(Ljava/awt/AWTEvent;Ljava/lang/Object;)V+41
j  java.awt.EventQueue.access$400(Ljava/awt/EventQueue;Ljava/awt/AWTEvent;Ljava/lang/Object;)V+3
j  java.awt.EventQueue$2.run()Ljava/lang/Void;+12
j  java.awt.EventQueue$2.run()Ljava/lang/Object;+1
v  ~StubRoutines::call_stub
V  [libjvm.so+0x4b029f]  JavaCalls::call_helper(JavaValue*, methodHandle*, JavaCallArguments*, Thread*)+0x29f
V  [libjvm.so+0x4af6d5]  JavaCalls::call(JavaValue*, methodHandle, JavaCallArguments*, Thread*)+0x25
V  [libjvm.so+0x4e863f]  JVM_DoPrivileged+0x20f
j  java.security.AccessController.doPrivileged(Ljava/security/PrivilegedAction;Ljava/security/AccessControlContext;)Ljava/lang/Object;+0
j  java.security.AccessControlContext$1.doIntersectionPrivilege(Ljava/security/PrivilegedAction;Ljava/security/AccessControlContext;Ljava/security/AccessControlContext;)Ljava/lang/Object;+28
j  java.security.AccessControlContext$1.doIntersectionPrivilege(Ljava/security/PrivilegedAction;Ljava/security/AccessControlContext;)Ljava/lang/Object;+6
j  java.awt.EventQueue$3.run()Ljava/lang/Void;+11
j  java.awt.EventQueue$3.run()Ljava/lang/Object;+1
v  ~StubRoutines::call_stub
V  [libjvm.so+0x4b029f]  JavaCalls::call_helper(JavaValue*, methodHandle*, JavaCallArguments*, Thread*)+0x29f
V  [libjvm.so+0x4af6d5]  JavaCalls::call(JavaValue*, methodHandle, JavaCallArguments*, Thread*)+0x25
V  [libjvm.so+0x4e863f]  JVM_DoPrivileged+0x20f
j  java.security.AccessController.doPrivileged(Ljava/security/PrivilegedAction;Ljava/security/AccessControlContext;)Ljava/lang/Object;+0
j  java.security.AccessControlContext$1.doIntersectionPrivilege(Ljava/security/PrivilegedAction;Ljava/security/AccessControlContext;Ljava/security/AccessControlContext;)Ljava/lang/Object;+28
j  java.awt.EventQueue.dispatchEvent(Ljava/awt/AWTEvent;)V+73
j  java.awt.EventDispatchThread.pumpOneEventForFilters(I)Z+192
j  java.awt.EventDispatchThread.pumpEventsForFilter(ILjava/awt/Conditional;Ljava/awt/EventFilter;)V+30
j  java.awt.EventDispatchThread.pumpEventsForHierarchy(ILjava/awt/Conditional;Ljava/awt/Component;)V+11
j  java.awt.EventDispatchThread.pumpEvents(ILjava/awt/Conditional;)V+4
j  java.awt.EventDispatchThread.pumpEvents(Ljava/awt/Conditional;)V+3
j  java.awt.EventDispatchThread.run()V+9
v  ~StubRoutines::call_stub
V  [libjvm.so+0x4b029f]  JavaCalls::call_helper(JavaValue*, methodHandle*, JavaCallArguments*, Thread*)+0x29f
V  [libjvm.so+0x4af6d5]  JavaCalls::call(JavaValue*, methodHandle, JavaCallArguments*, Thread*)+0x25
V  [libjvm.so+0x4afbd3]  JavaCalls::call_virtual(JavaValue*, KlassHandle, symbolHandle, symbolHandle, JavaCallArguments*, Thread*)+0x1a3
V  [libjvm.so+0x4afcff]  JavaCalls::call_virtual(JavaValue*, Handle, KlassHandle, symbolHandle, symbolHandle, Thread*)+0x4f
V  [libjvm.so+0x4e58f6]  thread_entry(JavaThread*, Thread*)+0x86
V  [libjvm.so+0x74d098]  JavaThread::thread_main_inner()+0x58
V  [libjvm.so+0x64c3b2]  java_start(Thread*)+0x112

Java frames: (J=compiled Java code, j=interpreted, Vv=VM code)
j  com.mti.primitives.devices.VideoInputDevice.PlatformOpen(Lcom/mti/primitives/devices/DeviceListener;IIII)I+0
j  com.mti.primitives.devices.VideoInputDevice.Open(Lcom/mti/primitives/devices/MediaFormat;)Lcom/mti/primitives/devices/Device_Errors;+44
j  objectivemediasample.MainForm.OpenVideoInputDevice()Z+72
j  objectivemediasample.MainForm.RunVideoTest()Z+59
j  objectivemediasample.MainForm.btnRunActionPerformed(Ljava/awt/event/ActionEvent;)V+11
j  objectivemediasample.MainForm.access$1800(Lobjectivemediasample/MainForm;Ljava/awt/event/ActionEvent;)V+2
j  objectivemediasample.MainForm$10.actionPerformed(Ljava/awt/event/ActionEvent;)V+5
j  javax.swing.AbstractButton.fireActionPerformed(Ljava/awt/event/ActionEvent;)V+84
j  javax.swing.AbstractButton$Handler.actionPerformed(Ljava/awt/event/ActionEvent;)V+5
j  javax.swing.DefaultButtonModel.fireActionPerformed(Ljava/awt/event/ActionEvent;)V+35
j  javax.swing.DefaultButtonModel.setPressed(Z)V+117
j  javax.swing.plaf.basic.BasicButtonListener.mouseReleased(Ljava/awt/event/MouseEvent;)V+35
j  java.awt.Component.processMouseEvent(Ljava/awt/event/MouseEvent;)V+64
j  javax.swing.JComponent.processMouseEvent(Ljava/awt/event/MouseEvent;)V+23
j  java.awt.Component.processEvent(Ljava/awt/AWTEvent;)V+81
j  java.awt.Container.processEvent(Ljava/awt/AWTEvent;)V+18
j  java.awt.Component.dispatchEventImpl(Ljava/awt/AWTEvent;)V+589
j  java.awt.Container.dispatchEventImpl(Ljava/awt/AWTEvent;)V+42
j  java.awt.Component.dispatchEvent(Ljava/awt/AWTEvent;)V+2
j  java.awt.LightweightDispatcher.retargetMouseEvent(Ljava/awt/Component;ILjava/awt/event/MouseEvent;)V+320
j  java.awt.LightweightDispatcher.processMouseEvent(Ljava/awt/event/MouseEvent;)Z+139
j  java.awt.LightweightDispatcher.dispatchEvent(Ljava/awt/AWTEvent;)Z+50
j  java.awt.Container.dispatchEventImpl(Ljava/awt/AWTEvent;)V+12
j  java.awt.Window.dispatchEventImpl(Ljava/awt/AWTEvent;)V+19
j  java.awt.Component.dispatchEvent(Ljava/awt/AWTEvent;)V+2
j  java.awt.EventQueue.dispatchEventImpl(Ljava/awt/AWTEvent;Ljava/lang/Object;)V+41
j  java.awt.EventQueue.access$400(Ljava/awt/EventQueue;Ljava/awt/AWTEvent;Ljava/lang/Object;)V+3
j  java.awt.EventQueue$2.run()Ljava/lang/Void;+12
j  java.awt.EventQueue$2.run()Ljava/lang/Object;+1
v  ~StubRoutines::call_stub
j  java.security.AccessController.doPrivileged(Ljava/security/PrivilegedAction;Ljava/security/AccessControlContext;)Ljava/lang/Object;+0
j  java.security.AccessControlContext$1.doIntersectionPrivilege(Ljava/security/PrivilegedAction;Ljava/security/AccessControlContext;Ljava/security/AccessControlContext;)Ljava/lang/Object;+28
j  java.security.AccessControlContext$1.doIntersectionPrivilege(Ljava/security/PrivilegedAction;Ljava/security/AccessControlContext;)Ljava/lang/Object;+6
j  java.awt.EventQueue$3.run()Ljava/lang/Void;+11
j  java.awt.EventQueue$3.run()Ljava/lang/Object;+1
v  ~StubRoutines::call_stub
j  java.security.AccessController.doPrivileged(Ljava/security/PrivilegedAction;Ljava/security/AccessControlContext;)Ljava/lang/Object;+0
j  java.security.AccessControlContext$1.doIntersectionPrivilege(Ljava/security/PrivilegedAction;Ljava/security/AccessControlContext;Ljava/security/AccessControlContext;)Ljava/lang/Object;+28
j  java.awt.EventQueue.dispatchEvent(Ljava/awt/AWTEvent;)V+73
j  java.awt.EventDispatchThread.pumpOneEventForFilters(I)Z+192
j  java.awt.EventDispatchThread.pumpEventsForFilter(ILjava/awt/Conditional;Ljava/awt/EventFilter;)V+30
j  java.awt.EventDispatchThread.pumpEventsForHierarchy(ILjava/awt/Conditional;Ljava/awt/Component;)V+11
j  java.awt.EventDispatchThread.pumpEvents(ILjava/awt/Conditional;)V+4
j  java.awt.EventDispatchThread.pumpEvents(Ljava/awt/Conditional;)V+3
j  java.awt.EventDispatchThread.run()V+9
v  ~StubRoutines::call_stub

---------------  P R O C E S S  ---------------

Java Threads: ( => current thread )
  0x00007f092c0d0800 JavaThread "Java Sound Event Dispatcher" daemon [_thread_blocked, id=6316, stack(0x00007f0986918000,0x00007f0986a19000)]
  0x00007f092c088000 JavaThread "TimerQueue" daemon [_thread_blocked, id=6309, stack(0x00007f0994069000,0x00007f099416a000)]
  0x00007f09a000a000 JavaThread "DestroyJavaVM" [_thread_blocked, id=6282, stack(0x00007f09a7e32000,0x00007f09a7f33000)]
=>0x00007f09a02ab800 JavaThread "AWT-EventQueue-0" [_thread_in_native, id=6308, stack(0x00007f099416a000,0x00007f099426b000)]
  0x00007f09a029b800 JavaThread "AWT-Shutdown" [_thread_blocked, id=6307, stack(0x00007f099426b000,0x00007f099436c000)]
  0x00007f09a021e800 JavaThread "AWT-XAWT" daemon [_thread_in_native, id=6306, stack(0x00007f099478b000,0x00007f099488c000)]
  0x00007f09a013a800 JavaThread "Java2D Disposer" daemon [_thread_blocked, id=6305, stack(0x00007f0994d57000,0x00007f0994e58000)]
  0x00007f09a00b6800 JavaThread "Low Memory Detector" daemon [_thread_blocked, id=6303, stack(0x00007f0996ae8000,0x00007f0996be9000)]
  0x00007f09a00b4800 JavaThread "C2 CompilerThread1" daemon [_thread_blocked, id=6302, stack(0x00007f0996be9000,0x00007f0996cea000)]
  0x00007f09a00b1800 JavaThread "C2 CompilerThread0" daemon [_thread_blocked, id=6301, stack(0x00007f0996cea000,0x00007f0996deb000)]
  0x00007f0948001000 JavaThread "JDWP Command Reader" daemon [_thread_in_native, id=6298, stack(0x00007f0996deb000,0x00007f0996eec000)]
  0x00007f09a00af000 JavaThread "JDWP Event Helper Thread" daemon [_thread_blocked, id=6297, stack(0x00007f0996eec000,0x00007f0996fed000)]
  0x00007f09a00ab800 JavaThread "JDWP Transport Listener: dt_socket" daemon [_thread_blocked, id=6295, stack(0x00007f0996fed000,0x00007f09970ee000)]
  0x00007f09a00a0800 JavaThread "Signal Dispatcher" daemon [_thread_blocked, id=6294, stack(0x00007f09972f3000,0x00007f09973f4000)]
  0x00007f09a0082800 JavaThread "Finalizer" daemon [_thread_blocked, id=6293, stack(0x00007f09973f4000,0x00007f09974f5000)]
  0x00007f09a0080800 JavaThread "Reference Handler" daemon [_thread_blocked, id=6292, stack(0x00007f09974f5000,0x00007f09975f6000)]

Other Threads:
  0x00007f09a0079800 VMThread [stack: 0x00007f09975f6000,0x00007f09976f7000] [id=6291]
  0x00007f09a00c1800 WatcherThread [stack: 0x00007f09969e7000,0x00007f0996ae8000] [id=6304]

VM state:not at safepoint (normal execution)

VM Mutex/Monitor currently owned by a thread: None

Heap
 PSYoungGen      total 36800K, used 11394K [0x00000007d6eb0000, 0x00000007d97c0000, 0x0000000800000000)
  eden space 31552K, 36% used [0x00000007d6eb0000,0x00000007d79d0928,0x00000007d8d80000)
  from space 5248K, 0% used [0x00000007d92a0000,0x00000007d92a0000,0x00000007d97c0000)
  to   space 5248K, 0% used [0x00000007d8d80000,0x00000007d8d80000,0x00000007d92a0000)
 PSOldGen        total 84096K, used 0K [0x0000000784c00000, 0x0000000789e20000, 0x00000007d6eb0000)
  object space 84096K, 0% used [0x0000000784c00000,0x0000000784c00000,0x0000000789e20000)
 PSPermGen       total 21248K, used 17872K [0x000000077a600000, 0x000000077bac0000, 0x0000000784c00000)
  object space 21248K, 84% used [0x000000077a600000,0x000000077b774310,0x000000077bac0000)

Code Cache  [0x00007f099d000000, 0x00007f099d270000, 0x00007f09a0000000)
 total_blobs=569 nmethods=74 adapters=457 free_code_cache=49569216 largest_free_block=12416

Dynamic libraries:
00400000-00409000 r-xp 00000000 08:01 29234105                           /usr/lib/jvm/java-6-openjdk-amd64/jre/bin/java
00608000-00609000 r--p 00008000 08:01 29234105                           /usr/lib/jvm/java-6-openjdk-amd64/jre/bin/java
00609000-0060a000 rw-p 00009000 08:01 29234105                           /usr/lib/jvm/java-6-openjdk-amd64/jre/bin/java
010e8000-01109000 rw-p 00000000 00:00 0                                  [heap]
77a600000-77bac0000 rw-p 00000000 00:00 0 
77bac0000-784c00000 rw-p 00000000 00:00 0 
784c00000-789e20000 rw-p 00000000 00:00 0 
789e20000-7d6eb0000 rw-p 00000000 00:00 0 
7d6eb0000-7d97c0000 rw-p 00000000 00:00 0 
7d97c0000-800000000 rw-p 00000000 00:00 0 
7f0914000000-7f0914021000 rw-p 00000000 00:00 0 
7f0914021000-7f0918000000 ---p 00000000 00:00 0 
7f0920000000-7f0920021000 rw-p 00000000 00:00 0 
7f0920021000-7f0924000000 ---p 00000000 00:00 0 
7f0924000000-7f0924021000 rw-p 00000000 00:00 0 
7f0924021000-7f0928000000 ---p 00000000 00:00 0 
7f0928000000-7f0928021000 rw-p 00000000 00:00 0 
7f0928021000-7f092c000000 ---p 00000000 00:00 0 
7f092c000000-7f092c206000 rw-p 00000000 00:00 0 
7f092c206000-7f0930000000 ---p 00000000 00:00 0 
7f0930000000-7f0930021000 rw-p 00000000 00:00 0 
7f0930021000-7f0934000000 ---p 00000000 00:00 0 
7f0934000000-7f0934021000 rw-p 00000000 00:00 0 
7f0934021000-7f0938000000 ---p 00000000 00:00 0 
7f0938000000-7f0938021000 rw-p 00000000 00:00 0 
7f0938021000-7f093c000000 ---p 00000000 00:00 0 
7f093c000000-7f093c021000 rw-p 00000000 00:00 0 
7f093c021000-7f0940000000 ---p 00000000 00:00 0 
7f0940000000-7f094033e000 rw-p 00000000 00:00 0 
7f094033e000-7f0944000000 ---p 00000000 00:00 0 
7f0944000000-7f09442d0000 rw-p 00000000 00:00 0 
7f09442d0000-7f0948000000 ---p 00000000 00:00 0 
7f0948000000-7f0948021000 rw-p 00000000 00:00 0 
7f0948021000-7f094c000000 ---p 00000000 00:00 0 
7f094c000000-7f094c02f000 rw-p 00000000 00:00 0 
7f094c02f000-7f0950000000 ---p 00000000 00:00 0 
7f0950000000-7f0950021000 rw-p 00000000 00:00 0 
7f0950021000-7f0954000000 ---p 00000000 00:00 0 
7f0954000000-7f0954021000 rw-p 00000000 00:00 0 
7f0954021000-7f0958000000 ---p 00000000 00:00 0 
7f0958000000-7f0958021000 rw-p 00000000 00:00 0 
7f0958021000-7f095c000000 ---p 00000000 00:00 0 
7f095c000000-7f095c021000 rw-p 00000000 00:00 0 
7f095c021000-7f0960000000 ---p 00000000 00:00 0 
7f0960000000-7f0960021000 rw-p 00000000 00:00 0 
7f0960021000-7f0964000000 ---p 00000000 00:00 0 
7f0968000000-7f0968021000 rw-p 00000000 00:00 0 
7f0968021000-7f096c000000 ---p 00000000 00:00 0 
7f0970000000-7f0970021000 rw-p 00000000 00:00 0 
7f0970021000-7f0974000000 ---p 00000000 00:00 0 
7f0978000000-7f0978021000 rw-p 00000000 00:00 0 
7f0978021000-7f097c000000 ---p 00000000 00:00 0 
7f097fe85000-7f0980000000 rw-s 00000000 00:04 851971                     /SYSV00000000 (deleted)
7f0980000000-7f0980021000 rw-p 00000000 00:00 0 
7f0980021000-7f0984000000 ---p 00000000 00:00 0 
7f098413f000-7f0984140000 ---p 00000000 00:00 0 
7f0984140000-7f0984940000 rw-p 00000000 00:00 0 
7f0984940000-7f0984946000 r-xp 00000000 08:01 29233666                   /usr/lib/x86_64-linux-gnu/alsa-lib/libasound_module_pcm_pulse.so
7f0984946000-7f0984b45000 ---p 00006000 08:01 29233666                   /usr/lib/x86_64-linux-gnu/alsa-lib/libasound_module_pcm_pulse.so
7f0984b45000-7f0984b46000 r--p 00005000 08:01 29233666                   /usr/lib/x86_64-linux-gnu/alsa-lib/libasound_module_pcm_pulse.so
7f0984b46000-7f0984b47000 rw-p 00006000 08:01 29233666                   /usr/lib/x86_64-linux-gnu/alsa-lib/libasound_module_pcm_pulse.so
7f0984b47000-7f0984b5f000 r-xp 00000000 08:01 4982651                    /lib/x86_64-linux-gnu/libresolv-2.15.so
7f0984b5f000-7f0984d5f000 ---p 00018000 08:01 4982651                    /lib/x86_64-linux-gnu/libresolv-2.15.so
7f0984d5f000-7f0984d60000 r--p 00018000 08:01 4982651                    /lib/x86_64-linux-gnu/libresolv-2.15.so
7f0984d60000-7f0984d61000 rw-p 00019000 08:01 4982651                    /lib/x86_64-linux-gnu/libresolv-2.15.so
7f0984d61000-7f0984d63000 rw-p 00000000 00:00 0 
7f0984d63000-7f0984d69000 r-xp 00000000 08:01 29232403                   /usr/lib/x86_64-linux-gnu/libogg.so.0.7.1
7f0984d69000-7f0984f68000 ---p 00006000 08:01 29232403                   /usr/lib/x86_64-linux-gnu/libogg.so.0.7.1
7f0984f68000-7f0984f69000 r--p 00005000 08:01 29232403                   /usr/lib/x86_64-linux-gnu/libogg.so.0.7.1
7f0984f69000-7f0984f6a000 rw-p 00006000 08:01 29232403                   /usr/lib/x86_64-linux-gnu/libogg.so.0.7.1
7f0984f6a000-7f0984f95000 r-xp 00000000 08:01 29234130                   /usr/lib/x86_64-linux-gnu/libvorbis.so.0.4.5
7f0984f95000-7f0985194000 ---p 0002b000 08:01 29234130                   /usr/lib/x86_64-linux-gnu/libvorbis.so.0.4.5
7f0985194000-7f0985195000 r--p 0002a000 08:01 29234130                   /usr/lib/x86_64-linux-gnu/libvorbis.so.0.4.5
7f0985195000-7f0985196000 rw-p 0002b000 08:01 29234130                   /usr/lib/x86_64-linux-gnu/libvorbis.so.0.4.5
7f0985196000-7f0985449000 r-xp 00000000 08:01 29233518                   /usr/lib/x86_64-linux-gnu/libvorbisenc.so.2.0.8
7f0985449000-7f0985648000 ---p 002b3000 08:01 29233518                   /usr/lib/x86_64-linux-gnu/libvorbisenc.so.2.0.8
7f0985648000-7f0985664000 r--p 002b2000 08:01 29233518                   /usr/lib/x86_64-linux-gnu/libvorbisenc.so.2.0.8
7f0985664000-7f0985665000 rw-p 002ce000 08:01 29233518                   /usr/lib/x86_64-linux-gnu/libvorbisenc.so.2.0.8
7f0985665000-7f09856ad000 r-xp 00000000 08:01 29233057                   /usr/lib/x86_64-linux-gnu/libFLAC.so.8.2.0
7f09856ad000-7f09858ad000 ---p 00048000 08:01 29233057                   /usr/lib/x86_64-linux-gnu/libFLAC.so.8.2.0
7f09858ad000-7f09858ae000 r--p 00048000 08:01 29233057                   /usr/lib/x86_64-linux-gnu/libFLAC.so.8.2.0
7f09858ae000-7f09858af000 rw-p 00049000 08:01 29233057                   /usr/lib/x86_64-linux-gnu/libFLAC.so.8.2.0
7f09858af000-7f09858b4000 r-xp 00000000 08:01 29233061                   /usr/lib/x86_64-linux-gnu/libasyncns.so.0.3.1
7f09858b4000-7f0985ab3000 ---p 00005000 08:01 29233061                   /usr/lib/x86_64-linux-gnu/libasyncns.so.0.3.1
7f0985ab3000-7f0985ab4000 r--p 00004000 08:01 29233061                   /usr/lib/x86_64-linux-gnu/libasyncns.so.0.3.1
7f0985ab4000-7f0985ab5000 rw-p 00005000 08:01 29233061                   /usr/lib/x86_64-linux-gnu/libasyncns.so.0.3.1
7f0985ab5000-7f0985b15000 r-xp 00000000 08:01 29232339                   /usr/lib/x86_64-linux-gnu/libsndfile.so.1.0.25
7f0985b15000-7f0985d15000 ---p 00060000 08:01 29232339                   /usr/lib/x86_64-linux-gnu/libsndfile.so.1.0.25
7f0985d15000-7f0985d17000 r--p 00060000 08:01 29232339                   /usr/lib/x86_64-linux-gnu/libsndfile.so.1.0.25
7f0985d17000-7f0985d18000 rw-p 00062000 08:01 29232339                   /usr/lib/x86_64-linux-gnu/libsndfile.so.1.0.25
7f0985d18000-7f0985d1c000 rw-p 00000000 00:00 0 
7f0985d1c000-7f0985d24000 r-xp 00000000 08:01 4983198                    /lib/x86_64-linux-gnu/libwrap.so.0.7.6
7f0985d24000-7f0985f23000 ---p 00008000 08:01 4983198                    /lib/x86_64-linux-gnu/libwrap.so.0.7.6
7f0985f23000-7f0985f24000 r--p 00007000 08:01 4983198                    /lib/x86_64-linux-gnu/libwrap.so.0.7.6
7f0985f24000-7f0985f25000 rw-p 00008000 08:01 4983198                    /lib/x86_64-linux-gnu/libwrap.so.0.7.6
7f0985f25000-7f0985f67000 r-xp 00000000 08:01 4982604                    /lib/x86_64-linux-gnu/libdbus-1.so.3.5.8
7f0985f67000-7f0986167000 ---p 00042000 08:01 4982604                    /lib/x86_64-linux-gnu/libdbus-1.so.3.5.8
7f0986167000-7f0986168000 r--p 00042000 08:01 4982604                    /lib/x86_64-linux-gnu/libdbus-1.so.3.5.8
7f0986168000-7f0986169000 rw-p 00043000 08:01 4982604                    /lib/x86_64-linux-gnu/libdbus-1.so.3.5.8
7f0986169000-7f09861c5000 r-xp 00000000 08:01 29232709                   /usr/lib/x86_64-linux-gnu/libpulsecommon-1.1.so
7f09861c5000-7f09863c5000 ---p 0005c000 08:01 29232709                   /usr/lib/x86_64-linux-gnu/libpulsecommon-1.1.so
7f09863c5000-7f09863c6000 r--p 0005c000 08:01 29232709                   /usr/lib/x86_64-linux-gnu/libpulsecommon-1.1.so
7f09863c6000-7f09863c7000 rw-p 0005d000 08:01 29232709                   /usr/lib/x86_64-linux-gnu/libpulsecommon-1.1.so
7f09863c7000-7f09863ce000 r-xp 00000000 08:01 29233693                   /usr/lib/x86_64-linux-gnu/libjson.so.0.0.1
7f09863ce000-7f09865cd000 ---p 00007000 08:01 29233693                   /usr/lib/x86_64-linux-gnu/libjson.so.0.0.1
7f09865cd000-7f09865ce000 r--p 00006000 08:01 29233693                   /usr/lib/x86_64-linux-gnu/libjson.so.0.0.1
7f09865ce000-7f09865cf000 rw-p 00007000 08:01 29233693                   /usr/lib/x86_64-linux-gnu/libjson.so.0.0.1
7f09865cf000-7f0986615000 r-xp 00000000 08:01 29232741                   /usr/lib/x86_64-linux-gnu/libpulse.so.0.13.5
7f0986615000-7f0986815000 ---p 00046000 08:01 29232741                   /usr/lib/x86_64-linux-gnu/libpulse.so.0.13.5
7f0986815000-7f0986816000 r--p 00046000 08:01 29232741                   /usr/lib/x86_64-linux-gnu/libpulse.so.0.13.5
7f0986816000-7f0986817000 rw-p 00047000 08:01 29232741                   /usr/lib/x86_64-linux-gnu/libpulse.so.0.13.5
7f0986918000-7f098691b000 ---p 00000000 00:00 0 
7f098691b000-7f0986a19000 rw-p 00000000 00:00 0 
7f0986a19000-7f0986aff000 r-xp 00000000 08:01 29234117                   /usr/lib/x86_64-linux-gnu/libasound.so.2.0.0
7f0986aff000-7f0986cff000 ---p 000e6000 08:01 29234117                   /usr/lib/x86_64-linux-gnu/libasound.so.2.0.0
7f0986cff000-7f0986d05000 r--p 000e6000 08:01 29234117                   /usr/lib/x86_64-linux-gnu/libasound.so.2.0.0
7f0986d05000-7f0986d06000 rw-p 000ec000 08:01 29234117                   /usr/lib/x86_64-linux-gnu/libasound.so.2.0.0
7f0986d06000-7f0986d15000 r-xp 00000000 08:01 29231461                   /usr/lib/jvm/java-6-openjdk-amd64/jre/lib/amd64/libjsoundalsa.so
7f0986d15000-7f0986f14000 ---p 0000f000 08:01 29231461                   /usr/lib/jvm/java-6-openjdk-amd64/jre/lib/amd64/libjsoundalsa.so
7f0986f14000-7f0986f15000 r--p 0000e000 08:01 29231461                   /usr/lib/jvm/java-6-openjdk-amd64/jre/lib/amd64/libjsoundalsa.so
7f0986f15000-7f0986f16000 rw-p 0000f000 08:01 29231461                   /usr/lib/jvm/java-6-openjdk-amd64/jre/lib/amd64/libjsoundalsa.so
7f0986f16000-7f0986f17000 r-xp 00000000 08:01 29233616                   /usr/lib/jvm/java-6-openjdk-amd64/jre/lib/amd64/libjsound.so
7f0986f17000-7f0987116000 ---p 00001000 08:01 29233616                   /usr/lib/jvm/java-6-openjdk-amd64/jre/lib/amd64/libjsound.so
7f0987116000-7f0987117000 r--p 00000000 08:01 29233616                   /usr/lib/jvm/java-6-openjdk-amd64/jre/lib/amd64/libjsound.so
7f0987117000-7f0987118000 rw-p 00001000 08:01 29233616                   /usr/lib/jvm/java-6-openjdk-amd64/jre/lib/amd64/libjsound.so
7f0987118000-7f098782b000 r-xp 00000000 08:01 11540201                   /home/nathan/objectivemedia/linux/ObjectiveMedia/dist/Debug64/lin64/ObjectiveMedia_lin64.so
7f098782b000-7f0987a2b000 ---p 00713000 08:01 11540201                   /home/nathan/objectivemedia/linux/ObjectiveMedia/dist/Debug64/lin64/ObjectiveMedia_lin64.so
7f0987a2b000-7f0987a4b000 r--p 00713000 08:01 11540201                   /home/nathan/objectivemedia/linux/ObjectiveMedia/dist/Debug64/lin64/ObjectiveMedia_lin64.so
7f0987a4b000-7f0987a66000 rw-p 00733000 08:01 11540201                   /home/nathan/objectivemedia/linux/ObjectiveMedia/dist/Debug64/lin64/ObjectiveMedia_lin64.so
7f0987a66000-7f0988000000 rw-p 00000000 00:00 0 
7f0988000000-7f0988021000 rw-p 00000000 00:00 0 
7f0988021000-7f098c000000 ---p 00000000 00:00 0 
7f098c000000-7f098c021000 rw-p 00000000 00:00 0 
7f098c021000-7f0990000000 ---p 00000000 00:00 0 
7f0990000000-7f0990021000 rw-p 00000000 00:00 0 
7f0990021000-7f0994000000 ---p 00000000 00:00 0 
7f0994069000-7f099406c000 ---p 00000000 00:00 0 
7f099406c000-7f099416a000 rw-p 00000000 00:00 0 
7f099416a000-7f099416d000 ---p 00000000 00:00 0 
7f099416d000-7f099426b000 rw-p 00000000 00:00 0 
7f099426b000-7f099426e000 ---p 00000000 00:00 0 
7f099426e000-7f099436c000 rw-p 00000000 00:00 0 
7f099436c000-7f0994374000 r-xp 00000000 08:01 29233521                   /usr/lib/jvm/java-6-openjdk-amd64/jre/lib/amd64/libnio.so
7f0994374000-7f0994573000 ---p 00008000 08:01 29233521                   /usr/lib/jvm/java-6-openjdk-amd64/jre/lib/amd64/libnio.so
7f0994573000-7f0994574000 r--p 00007000 08:01 29233521                   /usr/lib/jvm/java-6-openjdk-amd64/jre/lib/amd64/libnio.so
7f0994574000-7f0994575000 rw-p 00008000 08:01 29233521                   /usr/lib/jvm/java-6-openjdk-amd64/jre/lib/amd64/libnio.so
7f0994575000-7f099458a000 r-xp 00000000 08:01 29233545                   /usr/lib/jvm/java-6-openjdk-amd64/jre/lib/amd64/libnet.so
7f099458a000-7f0994789000 ---p 00015000 08:01 29233545                   /usr/lib/jvm/java-6-openjdk-amd64/jre/lib/amd64/libnet.so
7f0994789000-7f099478a000 r--p 00014000 08:01 29233545                   /usr/lib/jvm/java-6-openjdk-amd64/jre/lib/amd64/libnet.so
7f099478a000-7f099478b000 rw-p 00015000 08:01 29233545                   /usr/lib/jvm/java-6-openjdk-amd64/jre/lib/amd64/libnet.so
7f099478b000-7f099478e000 ---p 00000000 00:00 0 
7f099478e000-7f099488c000 rw-p 00000000 00:00 0 
7f099488c000-7f099488d000 r--s 00000000 08:01 24913094                   /var/cache/fontconfig/c05880de57d1f5e948fdfacc138775d9-le64.cache-3
7f099488d000-7f0994896000 r--s 00000000 08:01 24911131                   /var/cache/fontconfig/945677eb7aeaf62f1d50efc3fb3ec7d8-le64.cache-3
7f0994896000-7f0994898000 r--s 00000000 08:01 24913024                   /var/cache/fontconfig/99e8ed0e538f840c565b6ed5dad60d56-le64.cache-3
7f0994898000-7f099489c000 r--s 00000000 08:01 24913009                   /var/cache/fontconfig/2cd17615ca594fa2959ae173292e504c-le64.cache-3
7f099489c000-7f099489d000 r--s 00000000 08:01 24913005                   /var/cache/fontconfig/e7071f4a29fa870f4323321c154eba04-le64.cache-3
7f099489d000-7f099489e000 r--s 00000000 08:01 24912999                   /var/cache/fontconfig/0d8c3b2ac0904cb8a57a757ad11a4a08-le64.cache-3
7f099489e000-7f09948a4000 r--s 00000000 08:01 24912914                   /var/cache/fontconfig/a755afe4a08bf5b97852ceb7400b47bc-le64.cache-3
7f09948a4000-7f09948ad000 r--s 00000000 08:01 24912868                   /var/cache/fontconfig/6d41288fd70b0be22e8c3a91e032eec0-le64.cache-3
7f09948ad000-7f09948bd000 r--s 00000000 08:01 24912856                   /var/cache/fontconfig/04aabc0a78ac019cf9454389977116d2-le64.cache-3
7f09948bd000-7f09948c0000 r--s 00000000 08:01 24912794                   /var/cache/fontconfig/385c0604a188198f04d133e54aba7fe7-le64.cache-3
7f09948c0000-7f09948c1000 r--s 00000000 08:01 24912791                   /var/cache/fontconfig/4794a0821666d79190d59a36cb4f44b5-le64.cache-3
7f09948c1000-7f09948c4000 r--s 00000000 08:01 24912784                   /var/cache/fontconfig/8801497958630a81b71ace7c5f9b32a8-le64.cache-3
7f09948c4000-7f09948f2000 r--s 00000000 08:01 24912778                   /var/cache/fontconfig/365b55f210c0a22e9a19e35191240f32-le64.cache-3
7f09948f2000-7f09948f7000 r--s 00000000 08:01 24912748                   /var/cache/fontconfig/3047814df9a2f067bd2d96a2b9c36e5a-le64.cache-3
7f0994923000-7f0994928000 r-xp 00000000 08:01 29234185                   /usr/lib/x86_64-linux-gnu/libXfixes.so.3.1.0
7f0994928000-7f0994b27000 ---p 00005000 08:01 29234185                   /usr/lib/x86_64-linux-gnu/libXfixes.so.3.1.0
7f0994b27000-7f0994b28000 r--p 00004000 08:01 29234185                   /usr/lib/x86_64-linux-gnu/libXfixes.so.3.1.0
7f0994b28000-7f0994b29000 rw-p 00005000 08:01 29234185                   /usr/lib/x86_64-linux-gnu/libXfixes.so.3.1.0
7f0994b29000-7f0994b32000 r-xp 00000000 08:01 29233721                   /usr/lib/x86_64-linux-gnu/libXcursor.so.1.0.2
7f0994b32000-7f0994d31000 ---p 00009000 08:01 29233721                   /usr/lib/x86_64-linux-gnu/libXcursor.so.1.0.2
7f0994d31000-7f0994d32000 r--p 00008000 08:01 29233721                   /usr/lib/x86_64-linux-gnu/libXcursor.so.1.0.2
7f0994d32000-7f0994d33000 rw-p 00009000 08:01 29233721                   /usr/lib/x86_64-linux-gnu/libXcursor.so.1.0.2
7f0994d45000-7f0994d4c000 r--s 00000000 08:01 29233444                   /usr/lib/x86_64-linux-gnu/gconv/gconv-modules.cache
7f0994d4c000-7f0994d50000 r--s 0007d000 08:01 29232406                   /usr/lib/jvm/java-6-openjdk-common/jre/lib/jsse.jar
7f0994d50000-7f0994d57000 r--s 000fb000 08:01 29232711                   /usr/lib/jvm/java-6-openjdk-common/jre/lib/resources.jar
7f0994d57000-7f0994d5a000 ---p 00000000 00:00 0 
7f0994d5a000-7f0994e58000 rw-p 00000000 00:00 0 
7f0994e58000-7f0994eee000 r-xp 00000000 08:01 29229680                   /usr/lib/x86_64-linux-gnu/libfreetype.so.6.8.0
7f0994eee000-7f09950ed000 ---p 00096000 08:01 29229680                   /usr/lib/x86_64-linux-gnu/libfreetype.so.6.8.0
7f09950ed000-7f09950f3000 r--p 00095000 08:01 29229680                   /usr/lib/x86_64-linux-gnu/libfreetype.so.6.8.0
7f09950f3000-7f09950f4000 rw-p 0009b000 08:01 29229680                   /usr/lib/x86_64-linux-gnu/libfreetype.so.6.8.0
7f09950f4000-7f099512e000 r-xp 00000000 08:01 29233188                   /usr/lib/jvm/java-6-openjdk-amd64/jre/lib/amd64/libfontmanager.so
7f099512e000-7f099532d000 ---p 0003a000 08:01 29233188                   /usr/lib/jvm/java-6-openjdk-amd64/jre/lib/amd64/libfontmanager.so
7f099532d000-7f099532f000 r--p 00039000 08:01 29233188                   /usr/lib/jvm/java-6-openjdk-amd64/jre/lib/amd64/libfontmanager.so
7f099532f000-7f0995330000 rw-p 0003b000 08:01 29233188                   /usr/lib/jvm/java-6-openjdk-amd64/jre/lib/amd64/libfontmanager.so
7f0995330000-7f0995335000 r-xp 00000000 08:01 29233610                   /usr/lib/x86_64-linux-gnu/libXdmcp.so.6.0.0
7f0995335000-7f0995534000 ---p 00005000 08:01 29233610                   /usr/lib/x86_64-linux-gnu/libXdmcp.so.6.0.0
7f0995534000-7f0995535000 r--p 00004000 08:01 29233610                   /usr/lib/x86_64-linux-gnu/libXdmcp.so.6.0.0
7f0995535000-7f0995536000 rw-p 00005000 08:01 29233610                   /usr/lib/x86_64-linux-gnu/libXdmcp.so.6.0.0
7f0995536000-7f0995538000 r-xp 00000000 08:01 29233617                   /usr/lib/x86_64-linux-gnu/libXau.so.6.0.0
7f0995538000-7f0995737000 ---p 00002000 08:01 29233617                   /usr/lib/x86_64-linux-gnu/libXau.so.6.0.0
7f0995737000-7f0995738000 r--p 00001000 08:01 29233617                   /usr/lib/x86_64-linux-gnu/libXau.so.6.0.0
7f0995738000-7f0995739000 rw-p 00002000 08:01 29233617                   /usr/lib/x86_64-linux-gnu/libXau.so.6.0.0
7f0995739000-7f0995756000 r-xp 00000000 08:01 29232053                   /usr/lib/x86_64-linux-gnu/libxcb.so.1.1.0
7f0995756000-7f0995955000 ---p 0001d000 08:01 29232053                   /usr/lib/x86_64-linux-gnu/libxcb.so.1.1.0
7f0995955000-7f0995956000 r--p 0001c000 08:01 29232053                   /usr/lib/x86_64-linux-gnu/libxcb.so.1.1.0
7f0995956000-7f0995957000 rw-p 0001d000 08:01 29232053                   /usr/lib/x86_64-linux-gnu/libxcb.so.1.1.0
7f0995957000-7f0995965000 r-xp 00000000 08:01 29233554                   /usr/lib/x86_64-linux-gnu/libXi.so.6.1.0
7f0995965000-7f0995b64000 ---p 0000e000 08:01 29233554                   /usr/lib/x86_64-linux-gnu/libXi.so.6.1.0
7f0995b64000-7f0995b65000 r--p 0000d000 08:01 29233554                   /usr/lib/x86_64-linux-gnu/libXi.so.6.1.0
7f0995b65000-7f0995b66000 rw-p 0000e000 08:01 29233554                   /usr/lib/x86_64-linux-gnu/libXi.so.6.1.0
7f0995b66000-7f0995b6b000 r-xp 00000000 08:01 29233473                   /usr/lib/x86_64-linux-gnu/libXtst.so.6.1.0
7f0995b6b000-7f0995d6a000 ---p 00005000 08:01 29233473                   /usr/lib/x86_64-linux-gnu/libXtst.so.6.1.0
7f0995d6a000-7f0995d6b000 r--p 00004000 08:01 29233473                   /usr/lib/x86_64-linux-gnu/libXtst.so.6.1.0
7f0995d6b000-7f0995d6c000 rw-p 00005000 08:01 29233473                   /usr/lib/x86_64-linux-gnu/libXtst.so.6.1.0
7f0995d6c000-7f0995d75000 r-xp 00000000 08:01 29234114                   /usr/lib/x86_64-linux-gnu/libXrender.so.1.3.0
7f0995d75000-7f0995f74000 ---p 00009000 08:01 29234114                   /usr/lib/x86_64-linux-gnu/libXrender.so.1.3.0
7f0995f74000-7f0995f75000 r--p 00008000 08:01 29234114                   /usr/lib/x86_64-linux-gnu/libXrender.so.1.3.0
7f0995f75000-7f0995f76000 rw-p 00009000 08:01 29234114                   /usr/lib/x86_64-linux-gnu/libXrender.so.1.3.0
7f0995f76000-7f09960a5000 r-xp 00000000 08:01 29233495                   /usr/lib/x86_64-linux-gnu/libX11.so.6.3.0
7f09960a5000-7f09962a5000 ---p 0012f000 08:01 29233495                   /usr/lib/x86_64-linux-gnu/libX11.so.6.3.0
7f09962a5000-7f09962a6000 r--p 0012f000 08:01 29233495                   /usr/lib/x86_64-linux-gnu/libX11.so.6.3.0
7f09962a6000-7f09962aa000 rw-p 00130000 08:01 29233495                   /usr/lib/x86_64-linux-gnu/libX11.so.6.3.0
7f09962aa000-7f09962ba000 r-xp 00000000 08:01 29233452                   /usr/lib/x86_64-linux-gnu/libXext.so.6.4.0
7f09962ba000-7f09964b9000 ---p 00010000 08:01 29233452                   /usr/lib/x86_64-linux-gnu/libXext.so.6.4.0
7f09964b9000-7f09964ba000 r--p 0000f000 08:01 29233452                   /usr/lib/x86_64-linux-gnu/libXext.so.6.4.0
7f09964ba000-7f09964bb000 rw-p 00010000 08:01 29233452                   /usr/lib/x86_64-linux-gnu/libXext.so.6.4.0
7f09964bb000-7f0996506000 r-xp 00000000 08:01 29231528                   /usr/lib/jvm/java-6-openjdk-amd64/jre/lib/amd64/xawt/libmawt.so
7f0996506000-7f0996706000 ---p 0004b000 08:01 29231528                   /usr/lib/jvm/java-6-openjdk-amd64/jre/lib/amd64/xawt/libmawt.so
7f0996706000-7f0996707000 r--p 0004b000 08:01 29231528                   /usr/lib/jvm/java-6-openjdk-amd64/jre/lib/amd64/xawt/libmawt.so
7f0996707000-7f099670a000 rw-p 0004c000 08:01 29231528                   /usr/lib/jvm/java-6-openjdk-amd64/jre/lib/amd64/xawt/libmawt.so
7f099670a000-7f099670b000 rw-p 00000000 00:00 0 
7f099670b000-7f09967b7000 r-xp 00000000 08:01 29233737                   /usr/lib/jvm/java-6-openjdk-amd64/jre/lib/amd64/libawt.so
7f09967b7000-7f09969b6000 ---p 000ac000 08:01 29233737                   /usr/lib/jvm/java-6-openjdk-amd64/jre/lib/amd64/libawt.so
7f09969b6000-7f09969b7000 r--p 000ab000 08:01 29233737                   /usr/lib/jvm/java-6-openjdk-amd64/jre/lib/amd64/libawt.so
7f09969b7000-7f09969c2000 rw-p 000ac000 08:01 29233737                   /usr/lib/jvm/java-6-openjdk-amd64/jre/lib/amd64/libawt.so
7f09969c2000-7f09969e7000 rw-p 00000000 00:00 0 
7f09969e7000-7f09969e8000 ---p 00000000 00:00 0 
7f09969e8000-7f0996ae8000 rw-p 00000000 00:00 0 
7f0996ae8000-7f0996aeb000 ---p 00000000 00:00 0 
7f0996aeb000-7f0996be9000 rw-p 00000000 00:00 0 
7f0996be9000-7f0996bec000 ---p 00000000 00:00 0 
7f0996bec000-7f0996cea000 rw-p 00000000 00:00 0 
7f0996cea000-7f0996ced000 ---p 00000000 00:00 0 
7f0996ced000-7f0996deb000 rw-p 00000000 00:00 0 
7f0996deb000-7f0996dee000 ---p 00000000 00:00 0 
7f0996dee000-7f0996eec000 rw-p 00000000 00:00 0 
7f0996eec000-7f0996eef000 ---p 00000000 00:00 0 
7f0996eef000-7f0996fed000 rw-p 00000000 00:00 0 
7f0996fed000-7f0996ff0000 ---p 00000000 00:00 0 
7f0996ff0000-7f09970ee000 rw-p 00000000 00:00 0 
7f09970ee000-7f09970f2000 r-xp 00000000 08:01 29233088                   /usr/lib/jvm/java-6-openjdk-amd64/jre/lib/amd64/libdt_socket.so
7f09970f2000-7f09972f1000 ---p 00004000 08:01 29233088                   /usr/lib/jvm/java-6-openjdk-amd64/jre/lib/amd64/libdt_socket.so
7f09972f1000-7f09972f2000 r--p 00003000 08:01 29233088                   /usr/lib/jvm/java-6-openjdk-amd64/jre/lib/amd64/libdt_socket.so
7f09972f2000-7f09972f3000 rw-p 00004000 08:01 29233088                   /usr/lib/jvm/java-6-openjdk-amd64/jre/lib/amd64/libdt_socket.so
7f09972f3000-7f09972f6000 ---p 00000000 00:00 0 
7f09972f6000-7f09973f4000 rw-p 00000000 00:00 0 
7f09973f4000-7f09973f7000 ---p 00000000 00:00 0 
7f09973f7000-7f09974f5000 rw-p 00000000 00:00 0 
7f09974f5000-7f09974f8000 ---p 00000000 00:00 0 
7f09974f8000-7f09975f6000 rw-p 00000000 00:00 0 
7f09975f6000-7f09975f7000 ---p 00000000 00:00 0 
7f09975f7000-7f0998000000 rw-p 00000000 00:00 0 
7f0998000000-7f0998021000 rw-p 00000000 00:00 0 
7f0998021000-7f099c000000 ---p 00000000 00:00 0 
7f099c003000-7f099c008000 r--s 00000000 08:01 24912455                   /var/cache/fontconfig/b47c4e1ecd0709278f4910c18777a504-le64.cache-3
7f099c008000-7f099c018000 r--s 00000000 08:01 24912350                   /var/cache/fontconfig/d52a8644073d54c13679302ca1180695-le64.cache-3
7f099c018000-7f099c01e000 r--s 00000000 08:01 24913870                   /var/cache/fontconfig/3f7329c5293ffd510edef78f73874cfd-le64.cache-3
7f099c01e000-7f099c029000 r--s 00000000 08:01 24911147                   /var/cache/fontconfig/e13b20fdb08344e0e664864cc2ede53d-le64.cache-3
7f099c029000-7f099c02d000 r--s 00000000 08:01 24914095                   /var/cache/fontconfig/7ef2298fde41cc6eeb7af42e48b7d293-le64.cache-3
7f099c02d000-7f099c02e000 r--s 00000000 08:01 24913094                   /var/cache/fontconfig/c05880de57d1f5e948fdfacc138775d9-le64.cache-3
7f099c02e000-7f099c037000 r--s 00000000 08:01 24911131                   /var/cache/fontconfig/945677eb7aeaf62f1d50efc3fb3ec7d8-le64.cache-3
7f099c037000-7f099c039000 r--s 00000000 08:01 24913024                   /var/cache/fontconfig/99e8ed0e538f840c565b6ed5dad60d56-le64.cache-3
7f099c039000-7f099c03d000 r--s 00000000 08:01 24913009                   /var/cache/fontconfig/2cd17615ca594fa2959ae173292e504c-le64.cache-3
7f099c03d000-7f099c03e000 r--s 00000000 08:01 24913005                   /var/cache/fontconfig/e7071f4a29fa870f4323321c154eba04-le64.cache-3
7f099c03e000-7f099c03f000 r--s 00000000 08:01 24912999                   /var/cache/fontconfig/0d8c3b2ac0904cb8a57a757ad11a4a08-le64.cache-3
7f099c03f000-7f099c045000 r--s 00000000 08:01 24912914                   /var/cache/fontconfig/a755afe4a08bf5b97852ceb7400b47bc-le64.cache-3
7f099c045000-7f099c04e000 r--s 00000000 08:01 24912868                   /var/cache/fontconfig/6d41288fd70b0be22e8c3a91e032eec0-le64.cache-3
7f099c04e000-7f099c05e000 r--s 00000000 08:01 24912856                   /var/cache/fontconfig/04aabc0a78ac019cf9454389977116d2-le64.cache-3
7f099c05e000-7f099c061000 r--s 00000000 08:01 24912794                   /var/cache/fontconfig/385c0604a188198f04d133e54aba7fe7-le64.cache-3
7f099c061000-7f099c064000 r--s 00000000 08:01 24912784                   /var/cache/fontconfig/8801497958630a81b71ace7c5f9b32a8-le64.cache-3
7f099c064000-7f099c092000 r--s 00000000 08:01 24912778                   /var/cache/fontconfig/365b55f210c0a22e9a19e35191240f32-le64.cache-3
7f099c092000-7f099c097000 r--s 00000000 08:01 24912455                   /var/cache/fontconfig/b47c4e1ecd0709278f4910c18777a504-le64.cache-3
7f099c097000-7f099c0a7000 r--s 00000000 08:01 24912350                   /var/cache/fontconfig/d52a8644073d54c13679302ca1180695-le64.cache-3
7f099c0a7000-7f099c239000 r--s 037c2000 08:01 29234070                   /usr/lib/jvm/java-6-openjdk-amd64/jre/lib/rt.jar
7f099c239000-7f099c23a000 ---p 00000000 00:00 0 
7f099c23a000-7f099c33a000 rw-p 00000000 00:00 0 
7f099c33a000-7f099c33b000 ---p 00000000 00:00 0 
7f099c33b000-7f099c43b000 rw-p 00000000 00:00 0 
7f099c43b000-7f099c43c000 ---p 00000000 00:00 0 
7f099c43c000-7f099c53c000 rw-p 00000000 00:00 0 
7f099c53c000-7f099c53d000 ---p 00000000 00:00 0 
7f099c53d000-7f099c63d000 rw-p 00000000 00:00 0 
7f099c63d000-7f099c63e000 ---p 00000000 00:00 0 
7f099c63e000-7f099c73e000 rw-p 00000000 00:00 0 
7f099c73e000-7f099c73f000 ---p 00000000 00:00 0 
7f099c73f000-7f099c83f000 rw-p 00000000 00:00 0 
7f099c83f000-7f099c840000 ---p 00000000 00:00 0 
7f099c840000-7f099c96a000 rw-p 00000000 00:00 0 
7f099c96a000-7f099cbd2000 rw-p 00000000 00:00 0 
7f099cbd2000-7f099cbdd000 rw-p 00000000 00:00 0 
7f099cbdd000-7f099cc25000 rw-p 00000000 00:00 0 
7f099cc25000-7f099cc4f000 rw-p 00000000 00:00 0 
7f099cc4f000-7f099ceb6000 rw-p 00000000 00:00 0 
7f099ceb6000-7f099cecb000 rw-p 00000000 00:00 0 
7f099cecb000-7f099cfff000 rw-p 00000000 00:00 0 
7f099cfff000-7f099d000000 rw-p 00000000 00:00 0 
7f099d000000-7f099d270000 rwxp 00000000 00:00 0 
7f099d270000-7f09a02b2000 rw-p 00000000 00:00 0 
7f09a02b2000-7f09a4000000 ---p 00000000 00:00 0 
7f09a4000000-7f09a4001000 rw-p 00000000 00:00 0 
7f09a4001000-7f09a4002000 r--s 00000000 08:01 24912666                   /var/cache/fontconfig/56cf4f4769d0f4abc89a4895d7bd3ae1-le64.cache-3
7f09a4002000-7f09a405d000 rw-p 00000000 00:00 0 
7f09a405d000-7f09a405e000 ---p 00000000 00:00 0 
7f09a405e000-7f09a4169000 rw-p 00000000 00:00 0 
7f09a4169000-7f09a41b1000 rw-p 00000000 00:00 0 
7f09a41b1000-7f09a41b8000 r-xp 00000000 08:01 29233627                   /usr/lib/jvm/java-6-openjdk-amd64/jre/lib/amd64/libzip.so
7f09a41b8000-7f09a43b7000 ---p 00007000 08:01 29233627                   /usr/lib/jvm/java-6-openjdk-amd64/jre/lib/amd64/libzip.so
7f09a43b7000-7f09a43b8000 r--p 00006000 08:01 29233627                   /usr/lib/jvm/java-6-openjdk-amd64/jre/lib/amd64/libzip.so
7f09a43b8000-7f09a43b9000 rw-p 00007000 08:01 29233627                   /usr/lib/jvm/java-6-openjdk-amd64/jre/lib/amd64/libzip.so
7f09a43b9000-7f09a43c5000 r-xp 00000000 08:01 4982663                    /lib/x86_64-linux-gnu/libnss_files-2.15.so
7f09a43c5000-7f09a45c4000 ---p 0000c000 08:01 4982663                    /lib/x86_64-linux-gnu/libnss_files-2.15.so
7f09a45c4000-7f09a45c5000 r--p 0000b000 08:01 4982663                    /lib/x86_64-linux-gnu/libnss_files-2.15.so
7f09a45c5000-7f09a45c6000 rw-p 0000c000 08:01 4982663                    /lib/x86_64-linux-gnu/libnss_files-2.15.so
7f09a45c6000-7f09a45d0000 r-xp 00000000 08:01 4982653                    /lib/x86_64-linux-gnu/libnss_nis-2.15.so
7f09a45d0000-7f09a47d0000 ---p 0000a000 08:01 4982653                    /lib/x86_64-linux-gnu/libnss_nis-2.15.so
7f09a47d0000-7f09a47d1000 r--p 0000a000 08:01 4982653                    /lib/x86_64-linux-gnu/libnss_nis-2.15.so
7f09a47d1000-7f09a47d2000 rw-p 0000b000 08:01 4982653                    /lib/x86_64-linux-gnu/libnss_nis-2.15.so
7f09a47d2000-7f09a47e9000 r-xp 00000000 08:01 4982833                    /lib/x86_64-linux-gnu/libnsl-2.15.so
7f09a47e9000-7f09a49e8000 ---p 00017000 08:01 4982833                    /lib/x86_64-linux-gnu/libnsl-2.15.so
7f09a49e8000-7f09a49e9000 r--p 00016000 08:01 4982833                    /lib/x86_64-linux-gnu/libnsl-2.15.so
7f09a49e9000-7f09a49ea000 rw-p 00017000 08:01 4982833                    /lib/x86_64-linux-gnu/libnsl-2.15.so
7f09a49ea000-7f09a49ec000 rw-p 00000000 00:00 0 
7f09a49ec000-7f09a49f4000 r-xp 00000000 08:01 4982665                    /lib/x86_64-linux-gnu/libnss_compat-2.15.so
7f09a49f4000-7f09a4bf3000 ---p 00008000 08:01 4982665                    /lib/x86_64-linux-gnu/libnss_compat-2.15.so
7f09a4bf3000-7f09a4bf4000 r--p 00007000 08:01 4982665                    /lib/x86_64-linux-gnu/libnss_compat-2.15.so
7f09a4bf4000-7f09a4bf5000 rw-p 00008000 08:01 4982665                    /lib/x86_64-linux-gnu/libnss_compat-2.15.so
7f09a4bf5000-7f09a52d8000 r--p 00000000 08:01 29232158                   /usr/lib/locale/locale-archive
7f09a52d8000-7f09a52db000 r-xp 00000000 08:01 29233598                   /usr/lib/jvm/java-6-openjdk-amd64/jre/lib/amd64/libnpt.so
7f09a52db000-7f09a54da000 ---p 00003000 08:01 29233598                   /usr/lib/jvm/java-6-openjdk-amd64/jre/lib/amd64/libnpt.so
7f09a54da000-7f09a54db000 r--p 00002000 08:01 29233598                   /usr/lib/jvm/java-6-openjdk-amd64/jre/lib/amd64/libnpt.so
7f09a54db000-7f09a54dc000 rw-p 00003000 08:01 29233598                   /usr/lib/jvm/java-6-openjdk-amd64/jre/lib/amd64/libnpt.so
7f09a54dc000-7f09a5516000 r-xp 00000000 08:01 29233475                   /usr/lib/jvm/java-6-openjdk-amd64/jre/lib/amd64/libjdwp.so
7f09a5516000-7f09a5715000 ---p 0003a000 08:01 29233475                   /usr/lib/jvm/java-6-openjdk-amd64/jre/lib/amd64/libjdwp.so
7f09a5715000-7f09a5716000 r--p 00039000 08:01 29233475                   /usr/lib/jvm/java-6-openjdk-amd64/jre/lib/amd64/libjdwp.so
7f09a5716000-7f09a5717000 rw-p 0003a000 08:01 29233475                   /usr/lib/jvm/java-6-openjdk-amd64/jre/lib/amd64/libjdwp.so
7f09a5717000-7f09a5743000 r-xp 00000000 08:01 29233084                   /usr/lib/jvm/java-6-openjdk-amd64/jre/lib/amd64/libjava.so
7f09a5743000-7f09a5942000 ---p 0002c000 08:01 29233084                   /usr/lib/jvm/java-6-openjdk-amd64/jre/lib/amd64/libjava.so
7f09a5942000-7f09a5943000 r--p 0002b000 08:01 29233084                   /usr/lib/jvm/java-6-openjdk-amd64/jre/lib/amd64/libjava.so
7f09a5943000-7f09a5946000 rw-p 0002c000 08:01 29233084                   /usr/lib/jvm/java-6-openjdk-amd64/jre/lib/amd64/libjava.so
7f09a5946000-7f09a5954000 r-xp 00000000 08:01 29233584                   /usr/lib/jvm/java-6-openjdk-amd64/jre/lib/amd64/libverify.so
7f09a5954000-7f09a5b53000 ---p 0000e000 08:01 29233584                   /usr/lib/jvm/java-6-openjdk-amd64/jre/lib/amd64/libverify.so
7f09a5b53000-7f09a5b55000 r--p 0000d000 08:01 29233584                   /usr/lib/jvm/java-6-openjdk-amd64/jre/lib/amd64/libverify.so
7f09a5b55000-7f09a5b56000 rw-p 0000f000 08:01 29233584                   /usr/lib/jvm/java-6-openjdk-amd64/jre/lib/amd64/libverify.so
7f09a5b56000-7f09a5b5d000 r-xp 00000000 08:01 4982649                    /lib/x86_64-linux-gnu/librt-2.15.so
7f09a5b5d000-7f09a5d5c000 ---p 00007000 08:01 4982649                    /lib/x86_64-linux-gnu/librt-2.15.so
7f09a5d5c000-7f09a5d5d000 r--p 00006000 08:01 4982649                    /lib/x86_64-linux-gnu/librt-2.15.so
7f09a5d5d000-7f09a5d5e000 rw-p 00007000 08:01 4982649                    /lib/x86_64-linux-gnu/librt-2.15.so
7f09a5d5e000-7f09a5d73000 r-xp 00000000 08:01 4983218                    /lib/x86_64-linux-gnu/libgcc_s.so.1
7f09a5d73000-7f09a5f72000 ---p 00015000 08:01 4983218                    /lib/x86_64-linux-gnu/libgcc_s.so.1
7f09a5f72000-7f09a5f73000 r--p 00014000 08:01 4983218                    /lib/x86_64-linux-gnu/libgcc_s.so.1
7f09a5f73000-7f09a5f74000 rw-p 00015000 08:01 4983218                    /lib/x86_64-linux-gnu/libgcc_s.so.1
7f09a5f74000-7f09a606f000 r-xp 00000000 08:01 4982658                    /lib/x86_64-linux-gnu/libm-2.15.so
7f09a606f000-7f09a626e000 ---p 000fb000 08:01 4982658                    /lib/x86_64-linux-gnu/libm-2.15.so
7f09a626e000-7f09a626f000 r--p 000fa000 08:01 4982658                    /lib/x86_64-linux-gnu/libm-2.15.so
7f09a626f000-7f09a6270000 rw-p 000fb000 08:01 4982658                    /lib/x86_64-linux-gnu/libm-2.15.so
7f09a6270000-7f09a6352000 r-xp 00000000 08:01 29233184                   /usr/lib/x86_64-linux-gnu/libstdc++.so.6.0.16
7f09a6352000-7f09a6551000 ---p 000e2000 08:01 29233184                   /usr/lib/x86_64-linux-gnu/libstdc++.so.6.0.16
7f09a6551000-7f09a6559000 r--p 000e1000 08:01 29233184                   /usr/lib/x86_64-linux-gnu/libstdc++.so.6.0.16
7f09a6559000-7f09a655b000 rw-p 000e9000 08:01 29233184                   /usr/lib/x86_64-linux-gnu/libstdc++.so.6.0.16
7f09a655b000-7f09a6570000 rw-p 00000000 00:00 0 
7f09a6570000-7f09a6e75000 r-xp 00000000 08:01 29233077                   /usr/lib/jvm/java-6-openjdk-amd64/jre/lib/amd64/server/libjvm.so
7f09a6e75000-7f09a7075000 ---p 00905000 08:01 29233077                   /usr/lib/jvm/java-6-openjdk-amd64/jre/lib/amd64/server/libjvm.so
7f09a7075000-7f09a70f5000 r--p 00905000 08:01 29233077                   /usr/lib/jvm/java-6-openjdk-amd64/jre/lib/amd64/server/libjvm.so
7f09a70f5000-7f09a7110000 rw-p 00985000 08:01 29233077                   /usr/lib/jvm/java-6-openjdk-amd64/jre/lib/amd64/server/libjvm.so
7f09a7110000-7f09a7139000 rw-p 00000000 00:00 0 
7f09a7139000-7f09a714f000 r-xp 00000000 08:01 4983154                    /lib/x86_64-linux-gnu/libz.so.1.2.3.4
7f09a714f000-7f09a734e000 ---p 00016000 08:01 4983154                    /lib/x86_64-linux-gnu/libz.so.1.2.3.4
7f09a734e000-7f09a734f000 r--p 00015000 08:01 4983154                    /lib/x86_64-linux-gnu/libz.so.1.2.3.4
7f09a734f000-7f09a7350000 rw-p 00016000 08:01 4983154                    /lib/x86_64-linux-gnu/libz.so.1.2.3.4
7f09a7350000-7f09a7505000 r-xp 00000000 08:01 4982640                    /lib/x86_64-linux-gnu/libc-2.15.so
7f09a7505000-7f09a7704000 ---p 001b5000 08:01 4982640                    /lib/x86_64-linux-gnu/libc-2.15.so
7f09a7704000-7f09a7708000 r--p 001b4000 08:01 4982640                    /lib/x86_64-linux-gnu/libc-2.15.so
7f09a7708000-7f09a770a000 rw-p 001b8000 08:01 4982640                    /lib/x86_64-linux-gnu/libc-2.15.so
7f09a770a000-7f09a770f000 rw-p 00000000 00:00 0 
7f09a770f000-7f09a7711000 r-xp 00000000 08:01 4982638                    /lib/x86_64-linux-gnu/libdl-2.15.so
7f09a7711000-7f09a7911000 ---p 00002000 08:01 4982638                    /lib/x86_64-linux-gnu/libdl-2.15.so
7f09a7911000-7f09a7912000 r--p 00002000 08:01 4982638                    /lib/x86_64-linux-gnu/libdl-2.15.so
7f09a7912000-7f09a7913000 rw-p 00003000 08:01 4982638                    /lib/x86_64-linux-gnu/libdl-2.15.so
7f09a7913000-7f09a7917000 r-xp 00000000 08:01 29233086                   /usr/lib/jvm/java-6-openjdk-amd64/jre/lib/amd64/jli/libjli.so
7f09a7917000-7f09a7b16000 ---p 00004000 08:01 29233086                   /usr/lib/jvm/java-6-openjdk-amd64/jre/lib/amd64/jli/libjli.so
7f09a7b16000-7f09a7b17000 r--p 00003000 08:01 29233086                   /usr/lib/jvm/java-6-openjdk-amd64/jre/lib/amd64/jli/libjli.so
7f09a7b17000-7f09a7b18000 rw-p 00004000 08:01 29233086                   /usr/lib/jvm/java-6-openjdk-amd64/jre/lib/amd64/jli/libjli.so
7f09a7b18000-7f09a7b30000 r-xp 00000000 08:01 4982645                    /lib/x86_64-linux-gnu/libpthread-2.15.so
7f09a7b30000-7f09a7d2f000 ---p 00018000 08:01 4982645                    /lib/x86_64-linux-gnu/libpthread-2.15.so
7f09a7d2f000-7f09a7d30000 r--p 00017000 08:01 4982645                    /lib/x86_64-linux-gnu/libpthread-2.15.so
7f09a7d30000-7f09a7d31000 rw-p 00018000 08:01 4982645                    /lib/x86_64-linux-gnu/libpthread-2.15.so
7f09a7d31000-7f09a7d35000 rw-p 00000000 00:00 0 
7f09a7d35000-7f09a7d57000 r-xp 00000000 08:01 4982823                    /lib/x86_64-linux-gnu/ld-2.15.so
7f09a7d57000-7f09a7d58000 r--s 00000000 08:01 24912624                   /var/cache/fontconfig/b9d506c9ac06c20b433354fa67a72993-le64.cache-3
7f09a7d58000-7f09a7d5d000 r--s 00000000 08:01 24912748                   /var/cache/fontconfig/3047814df9a2f067bd2d96a2b9c36e5a-le64.cache-3
7f09a7d5d000-7f09a7d63000 r--s 00000000 08:01 24913870                   /var/cache/fontconfig/3f7329c5293ffd510edef78f73874cfd-le64.cache-3
7f09a7d63000-7f09a7d6e000 r--s 00000000 08:01 24911147                   /var/cache/fontconfig/e13b20fdb08344e0e664864cc2ede53d-le64.cache-3
7f09a7d6e000-7f09a7d72000 r--s 00000000 08:01 24914095                   /var/cache/fontconfig/7ef2298fde41cc6eeb7af42e48b7d293-le64.cache-3
7f09a7d72000-7f09a7d7c000 rw-p 00000000 00:00 0 
7f09a7d7c000-7f09a7e32000 rw-p 00000000 00:00 0 
7f09a7e32000-7f09a7e35000 ---p 00000000 00:00 0 
7f09a7e35000-7f09a7f38000 rw-p 00000000 00:00 0 
7f09a7f38000-7f09a7f39000 r--s 00000000 08:01 24912791                   /var/cache/fontconfig/4794a0821666d79190d59a36cb4f44b5-le64.cache-3
7f09a7f39000-7f09a7f3a000 r--s 00000000 08:01 24912666                   /var/cache/fontconfig/56cf4f4769d0f4abc89a4895d7bd3ae1-le64.cache-3
7f09a7f3a000-7f09a7f3b000 r--s 00000000 08:01 24912624                   /var/cache/fontconfig/b9d506c9ac06c20b433354fa67a72993-le64.cache-3
7f09a7f3b000-7f09a7f3c000 r--s 0000c000 08:01 11539799                   /home/nathan/objectivemedia/Java/com.mti.primitives/com.mti.primitives/dist/com.mti.primitives.jar
7f09a7f3c000-7f09a7f3e000 r--s 00001000 08:01 29232579                   /usr/lib/jvm/java-6-openjdk-common/jre/lib/ext/dnsns.jar
7f09a7f3e000-7f09a7f42000 r--s 00038000 08:01 29232577                   /usr/lib/jvm/java-6-openjdk-common/jre/lib/ext/sunpkcs11.jar
7f09a7f42000-7f09a7f45000 r--s 00077000 08:01 29232581                   /usr/lib/jvm/java-6-openjdk-common/jre/lib/ext/localedata.jar
7f09a7f45000-7f09a7f47000 r--s 0000f000 08:01 29232573                   /usr/lib/jvm/java-6-openjdk-common/jre/lib/ext/pulse-java.jar
7f09a7f47000-7f09a7f4a000 r--s 00031000 08:01 29232571                   /usr/lib/jvm/java-6-openjdk-common/jre/lib/ext/sunjce_provider.jar
7f09a7f4a000-7f09a7f4b000 r--s 00007000 08:01 921083                     /usr/share/java/java-atk-wrapper.jar
7f09a7f4b000-7f09a7f53000 rw-s 00000000 08:01 1053948                    /tmp/hsperfdata_nathan/6278
7f09a7f53000-7f09a7f54000 rw-p 00000000 00:00 0 
7f09a7f54000-7f09a7f55000 r--p 00000000 00:00 0 
7f09a7f55000-7f09a7f57000 rw-p 00000000 00:00 0 
7f09a7f57000-7f09a7f58000 r--p 00022000 08:01 4982823                    /lib/x86_64-linux-gnu/ld-2.15.so
7f09a7f58000-7f09a7f5a000 rw-p 00023000 08:01 4982823                    /lib/x86_64-linux-gnu/ld-2.15.so
7fffb5ee9000-7fffb5f0a000 rw-p 00000000 00:00 0                          [stack]
7fffb5f47000-7fffb5f48000 r-xp 00000000 00:00 0                          [vdso]
ffffffffff600000-ffffffffff601000 r-xp 00000000 00:00 0                  [vsyscall]

VM Arguments:
jvm_args: -Xdebug -Xrunjdwp:transport=dt_socket,address=localhost:47963 -Dfile.encoding=UTF-8 
java_command: objectivemediasample.ObjectiveMediaSample
Launcher Type: SUN_STANDARD

Environment Variables:
PATH=/usr/lib/lightdm/lightdm:/usr/local/sbin:/usr/local/bin:/usr/sbin:/usr/bin:/sbin:/bin:/usr/games
LD_LIBRARY_PATH=/usr/lib/jvm/java-6-openjdk-amd64/jre/lib/amd64/server:/usr/lib/jvm/java-6-openjdk-amd64/jre/lib/amd64:/usr/lib/jvm/java-6-openjdk-amd64/jre/../lib/amd64
SHELL=/bin/bash
DISPLAY=:0

Signal Handlers:
SIGSEGV: [libjvm.so+0x7852e0], sa_mask[0]=0x7ffbfeff, sa_flags=0x10000004
SIGBUS: [libjvm.so+0x7852e0], sa_mask[0]=0x7ffbfeff, sa_flags=0x10000004
SIGFPE: [libjvm.so+0x648d40], sa_mask[0]=0x7ffbfeff, sa_flags=0x10000004
SIGPIPE: [libjvm.so+0x648d40], sa_mask[0]=0x7ffbfeff, sa_flags=0x10000004
SIGXFSZ: [libjvm.so+0x648d40], sa_mask[0]=0x7ffbfeff, sa_flags=0x10000004
SIGILL: [libjvm.so+0x648d40], sa_mask[0]=0x7ffbfeff, sa_flags=0x10000004
SIGUSR1: SIG_DFL, sa_mask[0]=0x00000000, sa_flags=0x00000000
SIGUSR2: [libjvm.so+0x648ef0], sa_mask[0]=0x00000004, sa_flags=0x10000004
SIGHUP: [libjvm.so+0x64ba10], sa_mask[0]=0x7ffbfeff, sa_flags=0x10000004
SIGINT: SIG_IGN, sa_mask[0]=0x00000000, sa_flags=0x00000000
SIGTERM: [libjvm.so+0x64ba10], sa_mask[0]=0x7ffbfeff, sa_flags=0x10000004
SIGQUIT: [libjvm.so+0x64ba10], sa_mask[0]=0x7ffbfeff, sa_flags=0x10000004


---------------  S Y S T E M  ---------------

OS:Ubuntu 12.04 (precise)
uname:Linux 3.2.0-36-generic #57-Ubuntu SMP Tue Jan 8 21:44:52 UTC 2013 x86_64
libc:glibc 2.15 NPTL 2.15 
rlimit: STACK 8192k, CORE 0k, NPROC 62919, NOFILE 4096, AS infinity
load average:0.30 0.29 0.24

/proc/meminfo:
MemTotal:        8071480 kB
MemFree:         4670152 kB
Buffers:          290884 kB
Cached:          1450584 kB
SwapCached:            0 kB
Active:          2022480 kB
Inactive:        1020348 kB
Active(anon):    1302492 kB
Inactive(anon):   252608 kB
Active(file):     719988 kB
Inactive(file):   767740 kB
Unevictable:          32 kB
Mlocked:              32 kB
SwapTotal:       7711772 kB
SwapFree:        7711772 kB
Dirty:              4220 kB
Writeback:             0 kB
AnonPages:       1302132 kB
Mapped:           147468 kB
Shmem:            253516 kB
Slab:             190900 kB
SReclaimable:     158528 kB
SUnreclaim:        32372 kB
KernelStack:        4128 kB
PageTables:        27212 kB
NFS_Unstable:          0 kB
Bounce:                0 kB
WritebackTmp:          0 kB
CommitLimit:    11747512 kB
Committed_AS:    3983116 kB
VmallocTotal:   34359738367 kB
VmallocUsed:      368412 kB
VmallocChunk:   34359366108 kB
HardwareCorrupted:     0 kB
AnonHugePages:         0 kB
HugePages_Total:       0
HugePages_Free:        0
HugePages_Rsvd:        0
HugePages_Surp:        0
Hugepagesize:       2048 kB
DirectMap4k:       83968 kB
DirectMap2M:     8212480 kB


CPU:total 8 (4 cores per cpu, 2 threads per core) family 6 model 58 stepping 9, cmov, cx8, fxsr, mmx, sse, sse2, sse3, ssse3, sse4.1, sse4.2, popcnt, ht

Memory: 4k page, physical 8071480k(4670152k free), swap 7711772k(7711772k free)

vm_info: OpenJDK 64-Bit Server VM (20.0-b12) for linux-amd64 JRE (1.6.0_24-b24), built on Oct 24 2012 16:17:28 by "buildd" with gcc 4.6.3

time: Wed Jan 30 13:07:14 2013
elapsed time: 19 seconds

