#
# A fatal error has been detected by the Java Runtime Environment:
#
#  EXCEPTION_ACCESS_VIOLATION (0xc0000005) at pc=0x000007f8cfdf3b76, pid=2296, tid=8080
#
# JRE version: 6.0_24-b07
# Java VM: Java HotSpot(TM) 64-Bit Server VM (19.1-b02 mixed mode windows-amd64 compressed oops)
# Problematic frame:
# C  [com_objectivemedia_x64.dll+0x3b76]
#
# If you would like to submit a bug report, please visit:
#   http://java.sun.com/webapps/bugreport/crash.jsp
# The crash happened outside the Java Virtual Machine in native code.
# See problematic frame for where to report the bug.
#

---------------  T H R E A D  ---------------

Current thread (0x0000000006097800):  JavaThread "AWT-EventQueue-0" [_thread_in_native, id=8080, stack(0x00000000075e0000,0x00000000076e0000)]

siginfo: ExceptionCode=0xc0000005, reading address 0xffffffffffffffff

Registers:
RAX=0xdddddddddddddddd, RBX=0x00000000bba7cd68, RCX=0x0000000006d9b440, RDX=0x00000000076ddc98
RSP=0x00000000076ddbc0, RBP=0x00000000076ddc78, RSI=0x00000000bb60f280, RDI=0x00000000076ddc00
R8=0x0000000000000000, R9=0x00000000bba7ec98, R10=0x00000000020a792c, R11=0x000000006dce75b0
R12=0x0000000000000000, R13=0x00000000bba7cd68, R14=0x00000000076ddc98, R15=0x0000000006097800
RIP=0x000007f8cfdf3b76, EFLAGS=0x0000000000010202

Register to memory mapping:

RAX=0xdddddddddddddddd
0xdddddddddddddddd is pointing to unknown location

RBX=0x00000000bba7cd68
{method} 
 - klass: {other class}

RCX=0x0000000006d9b440
0x0000000006d9b440 is pointing to unknown location

RDX=0x00000000076ddc98
0x00000000076ddc98 is pointing into the stack for thread: 0x0000000006097800
"AWT-EventQueue-0" prio=6 tid=0x0000000006097800 nid=0x1f90 runnable [0x00000000076dd000]
   java.lang.Thread.State: RUNNABLE

RSP=0x00000000076ddbc0
0x00000000076ddbc0 is pointing into the stack for thread: 0x0000000006097800
"AWT-EventQueue-0" prio=6 tid=0x0000000006097800 nid=0x1f90 runnable [0x00000000076dd000]
   java.lang.Thread.State: RUNNABLE

RBP=0x00000000076ddc78
0x00000000076ddc78 is pointing into the stack for thread: 0x0000000006097800
"AWT-EventQueue-0" prio=6 tid=0x0000000006097800 nid=0x1f90 runnable [0x00000000076dd000]
   java.lang.Thread.State: RUNNABLE

RSI=0x00000000bb60f280
{instance class} 
 - klass: {other class}

RDI=0x00000000076ddc00
0x00000000076ddc00 is pointing into the stack for thread: 0x0000000006097800
"AWT-EventQueue-0" prio=6 tid=0x0000000006097800 nid=0x1f90 runnable [0x00000000076dd000]
   java.lang.Thread.State: RUNNABLE

R8 =0x0000000000000000
0x0000000000000000 is pointing to unknown location

R9 =0x00000000bba7ec98
{instance class} 
 - klass: {other class}

R10=0x00000000020a792c
method entry point (kind = native)  [0x00000000020a7440, 0x00000000020a8300]  3776 bytes

R11=0x000000006dce75b0
0x000000006dce75b0 is pointing to unknown location

R12=0x0000000000000000
0x0000000000000000 is pointing to unknown location

R13=0x00000000bba7cd68
{method} 
 - klass: {other class}

R14=0x00000000076ddc98
0x00000000076ddc98 is pointing into the stack for thread: 0x0000000006097800
"AWT-EventQueue-0" prio=6 tid=0x0000000006097800 nid=0x1f90 runnable [0x00000000076dd000]
   java.lang.Thread.State: RUNNABLE

R15=0x0000000006097800
"AWT-EventQueue-0" prio=6 tid=0x0000000006097800 nid=0x1f90 runnable [0x00000000076dd000]
   java.lang.Thread.State: RUNNABLE


Top of Stack: (sp=0x00000000076ddbc0)
0x00000000076ddbc0:   cccccccccccccccc cccccccccccccccc
0x00000000076ddbd0:   cccccccccccccccc cccccccccccccccc
0x00000000076ddbe0:   cccccccc00000000 cccccccccccccccc
0x00000000076ddbf0:   cccccccccccccccc cccccccccccccccc
0x00000000076ddc00:   0000000000000020 00000000020a7959
0x00000000076ddc10:   00000000060979c8 00000000076ddc98
0x00000000076ddc20:   0000000006097800 0000000000000000
0x00000000076ddc30:   00000000bae38800 00000000076ddc38
0x00000000076ddc40:   0000000000000000 00000000076ddc98
0x00000000076ddc50:   00000000bba7dd28 0000000000000000
0x00000000076ddc60:   00000000bba7cd68 0000000000000000
0x00000000076ddc70:   00000000076ddc98 00000000076ddce0
0x00000000076ddc80:   0000000002095aae 0000000000000000
0x00000000076ddc90:   00000000020a2cd6 00000000c01a1f58
0x00000000076ddca0:   00000000076ddca0 00000000bba7d0ed
0x00000000076ddcb0:   00000000076ddd00 00000000bba7dd28 

Instructions: (pc=0x000007f8cfdf3b76)
0x000007f8cfdf3b66:   8b 05 9c 6a 8a 00 48 8b 00 48 8b 0d 92 6a 8a 00
0x000007f8cfdf3b76:   ff 50 08 89 44 24 20 48 8b 05 84 6a 8a 00 48 89 


Stack: [0x00000000075e0000,0x00000000076e0000],  sp=0x00000000076ddbc0,  free space=1014k
Native frames: (J=compiled Java code, j=interpreted, Vv=VM code, C=native code)
C  [com_objectivemedia_x64.dll+0x3b76]
j  com.mti.primitives.devices.VideoInputDevice.Close()Lcom/mti/primitives/devices/Device_Errors;+5
j  objectivemediasample.MainForm.CloseVideoInputDevice()Z+18
j  objectivemediasample.MainForm.btnStopActionPerformed(Ljava/awt/event/ActionEvent;)V+1
j  objectivemediasample.MainForm.access$1300(Lobjectivemediasample/MainForm;Ljava/awt/event/ActionEvent;)V+2
j  objectivemediasample.MainForm$14.actionPerformed(Ljava/awt/event/ActionEvent;)V+5
j  javax.swing.AbstractButton.fireActionPerformed(Ljava/awt/event/ActionEvent;)V+84
j  javax.swing.AbstractButton$Handler.actionPerformed(Ljava/awt/event/ActionEvent;)V+5
j  javax.swing.DefaultButtonModel.fireActionPerformed(Ljava/awt/event/ActionEvent;)V+35
j  javax.swing.DefaultButtonModel.setPressed(Z)V+117
j  javax.swing.plaf.basic.BasicButtonListener.mouseReleased(Ljava/awt/event/MouseEvent;)V+35
j  java.awt.Component.processMouseEvent(Ljava/awt/event/MouseEvent;)V+64
j  javax.swing.JComponent.processMouseEvent(Ljava/awt/event/MouseEvent;)V+23
j  java.awt.Component.processEvent(Ljava/awt/AWTEvent;)V+81
j  java.awt.Container.processEvent(Ljava/awt/AWTEvent;)V+18
j  java.awt.Component.dispatchEventImpl(Ljava/awt/AWTEvent;)V+566
j  java.awt.Container.dispatchEventImpl(Ljava/awt/AWTEvent;)V+42
j  java.awt.Component.dispatchEvent(Ljava/awt/AWTEvent;)V+2
j  java.awt.LightweightDispatcher.retargetMouseEvent(Ljava/awt/Component;ILjava/awt/event/MouseEvent;)V+320
j  java.awt.LightweightDispatcher.processMouseEvent(Ljava/awt/event/MouseEvent;)Z+139
j  java.awt.LightweightDispatcher.dispatchEvent(Ljava/awt/AWTEvent;)Z+50
j  java.awt.Container.dispatchEventImpl(Ljava/awt/AWTEvent;)V+12
j  java.awt.Window.dispatchEventImpl(Ljava/awt/AWTEvent;)V+19

Java frames: (J=compiled Java code, j=interpreted, Vv=VM code)
j  com.mti.primitives.devices.VideoInputDevice.PlatformClose()I+0
j  com.mti.primitives.devices.VideoInputDevice.Close()Lcom/mti/primitives/devices/Device_Errors;+5
j  objectivemediasample.MainForm.CloseVideoInputDevice()Z+18
j  objectivemediasample.MainForm.btnStopActionPerformed(Ljava/awt/event/ActionEvent;)V+1
j  objectivemediasample.MainForm.access$1300(Lobjectivemediasample/MainForm;Ljava/awt/event/ActionEvent;)V+2
j  objectivemediasample.MainForm$14.actionPerformed(Ljava/awt/event/ActionEvent;)V+5
j  javax.swing.AbstractButton.fireActionPerformed(Ljava/awt/event/ActionEvent;)V+84
j  javax.swing.AbstractButton$Handler.actionPerformed(Ljava/awt/event/ActionEvent;)V+5
j  javax.swing.DefaultButtonModel.fireActionPerformed(Ljava/awt/event/ActionEvent;)V+35
j  javax.swing.DefaultButtonModel.setPressed(Z)V+117
j  javax.swing.plaf.basic.BasicButtonListener.mouseReleased(Ljava/awt/event/MouseEvent;)V+35
j  java.awt.Component.processMouseEvent(Ljava/awt/event/MouseEvent;)V+64
j  javax.swing.JComponent.processMouseEvent(Ljava/awt/event/MouseEvent;)V+23
j  java.awt.Component.processEvent(Ljava/awt/AWTEvent;)V+81
j  java.awt.Container.processEvent(Ljava/awt/AWTEvent;)V+18
j  java.awt.Component.dispatchEventImpl(Ljava/awt/AWTEvent;)V+566
j  java.awt.Container.dispatchEventImpl(Ljava/awt/AWTEvent;)V+42
j  java.awt.Component.dispatchEvent(Ljava/awt/AWTEvent;)V+2
j  java.awt.LightweightDispatcher.retargetMouseEvent(Ljava/awt/Component;ILjava/awt/event/MouseEvent;)V+320
j  java.awt.LightweightDispatcher.processMouseEvent(Ljava/awt/event/MouseEvent;)Z+139
j  java.awt.LightweightDispatcher.dispatchEvent(Ljava/awt/AWTEvent;)Z+50
j  java.awt.Container.dispatchEventImpl(Ljava/awt/AWTEvent;)V+12
j  java.awt.Window.dispatchEventImpl(Ljava/awt/AWTEvent;)V+19
J  java.awt.EventQueue$1.run()Ljava/lang/Object;
v  ~StubRoutines::call_stub
J  java.security.AccessController.doPrivileged(Ljava/security/PrivilegedAction;Ljava/security/AccessControlContext;)Ljava/lang/Object;
j  java.security.AccessControlContext$1.doIntersectionPrivilege(Ljava/security/PrivilegedAction;Ljava/security/AccessControlContext;Ljava/security/AccessControlContext;)Ljava/lang/Object;+28
j  java.security.AccessControlContext$1.doIntersectionPrivilege(Ljava/security/PrivilegedAction;Ljava/security/AccessControlContext;)Ljava/lang/Object;+6
j  java.awt.EventQueue$2.run()Ljava/lang/Void;+11
j  java.awt.EventQueue$2.run()Ljava/lang/Object;+1
v  ~StubRoutines::call_stub
J  java.security.AccessController.doPrivileged(Ljava/security/PrivilegedAction;Ljava/security/AccessControlContext;)Ljava/lang/Object;
J  java.awt.EventDispatchThread.pumpOneEventForFilters(I)Z
J  java.awt.EventDispatchThread.pumpEventsForFilter(ILjava/awt/Conditional;Ljava/awt/EventFilter;)V
j  java.awt.EventDispatchThread.pumpEventsForHierarchy(ILjava/awt/Conditional;Ljava/awt/Component;)V+11
j  java.awt.EventDispatchThread.pumpEvents(ILjava/awt/Conditional;)V+4
j  java.awt.EventDispatchThread.pumpEvents(Ljava/awt/Conditional;)V+3
j  java.awt.EventDispatchThread.run()V+9
v  ~StubRoutines::call_stub

---------------  P R O C E S S  ---------------

Java Threads: ( => current thread )
  0x0000000007ad4800 JavaThread "Thread-323" [_thread_blocked, id=7216, stack(0x000000000bb70000,0x000000000bc70000)]
  0x000000000946f000 JavaThread "Headspace mixer frame proc thread" daemon [_thread_blocked, id=7868, stack(0x000000000ba70000,0x000000000bb70000)]
  0x000000000793f800 JavaThread "Headspace mixer frame proc thread" daemon [_thread_blocked, id=2524, stack(0x0000000009b40000,0x0000000009c40000)]
  0x0000000008f92800 JavaThread "D3D Screen Updater" daemon [_thread_blocked, id=8104, stack(0x000000000a190000,0x000000000a290000)]
  0x000000000922e800 JavaThread "Java Sound Event Dispatcher" daemon [_thread_blocked, id=3140, stack(0x0000000009d70000,0x0000000009e70000)]
  0x0000000007ae2800 JavaThread "TimerQueue" daemon [_thread_blocked, id=2984, stack(0x0000000007160000,0x0000000007260000)]
  0x000000000609f800 JavaThread "org.netbeans.modules.debugger.jpda.visual AWT Access Loop" daemon [_thread_blocked, id=7264, stack(0x00000000076e0000,0x00000000077e0000)]
  0x000000000058d000 JavaThread "DestroyJavaVM" [_thread_blocked, id=7760, stack(0x0000000000430000,0x0000000000530000)]
=>0x0000000006097800 JavaThread "AWT-EventQueue-0" [_thread_in_native, id=8080, stack(0x00000000075e0000,0x00000000076e0000)]
  0x000000000602b000 JavaThread "AWT-Windows" daemon [_thread_in_native, id=8120, stack(0x0000000007030000,0x0000000007130000)]
  0x0000000006018800 JavaThread "AWT-Shutdown" [_thread_blocked, id=3112, stack(0x0000000006f30000,0x0000000007030000)]
  0x0000000006017800 JavaThread "Java2D Disposer" daemon [_thread_blocked, id=6104, stack(0x0000000006e30000,0x0000000006f30000)]
  0x0000000005f46000 JavaThread "Low Memory Detector" daemon [_thread_blocked, id=5300, stack(0x0000000006610000,0x0000000006710000)]
  0x0000000005f41800 JavaThread "CompilerThread1" daemon [_thread_blocked, id=1632, stack(0x0000000006510000,0x0000000006610000)]
  0x0000000005f3c800 JavaThread "CompilerThread0" daemon [_thread_blocked, id=6952, stack(0x0000000006410000,0x0000000006510000)]
  0x0000000005f1c000 JavaThread "JDWP Command Reader" daemon [_thread_in_native, id=3164, stack(0x0000000006310000,0x0000000006410000)]
  0x0000000005f1b000 JavaThread "JDWP Event Helper Thread" daemon [_thread_blocked, id=7916, stack(0x0000000006210000,0x0000000006310000)]
  0x0000000002088800 JavaThread "JDWP Transport Listener: dt_shmem" daemon [_thread_blocked, id=3420, stack(0x0000000006110000,0x0000000006210000)]
  0x0000000002085000 JavaThread "Attach Listener" daemon [_thread_blocked, id=4772, stack(0x0000000005e10000,0x0000000005f10000)]
  0x0000000002081800 JavaThread "Signal Dispatcher" daemon [_thread_blocked, id=1412, stack(0x0000000005d10000,0x0000000005e10000)]
  0x000000000204b000 JavaThread "Finalizer" daemon [_thread_blocked, id=6168, stack(0x0000000005c10000,0x0000000005d10000)]
  0x0000000002048800 JavaThread "Reference Handler" daemon [_thread_blocked, id=8172, stack(0x0000000005b10000,0x0000000005c10000)]

Other Threads:
  0x0000000002041800 VMThread [stack: 0x0000000005a10000,0x0000000005b10000] [id=4472]
  0x0000000005f48000 WatcherThread [stack: 0x0000000006710000,0x0000000006810000] [id=7280]

VM state:not at safepoint (normal execution)

VM Mutex/Monitor currently owned by a thread: None

Heap
 PSYoungGen      total 14848K, used 11235K [0x00000000eaab0000, 0x00000000ebeb0000, 0x0000000100000000)
  eden space 14720K, 75% used [0x00000000eaab0000,0x00000000eb590dd0,0x00000000eb910000)
  from space 128K, 75% used [0x00000000eb960000,0x00000000eb978000,0x00000000eb980000)
  to   space 2880K, 0% used [0x00000000ebbe0000,0x00000000ebbe0000,0x00000000ebeb0000)
 PSOldGen        total 43712K, used 1912K [0x00000000c0000000, 0x00000000c2ab0000, 0x00000000eaab0000)
  object space 43712K, 4% used [0x00000000c0000000,0x00000000c01de1a8,0x00000000c2ab0000)
 PSPermGen       total 21248K, used 14276K [0x00000000bae00000, 0x00000000bc2c0000, 0x00000000c0000000)
  object space 21248K, 67% used [0x00000000bae00000,0x00000000bbbf1218,0x00000000bc2c0000)

Dynamic libraries:
0x0000000000400000 - 0x000000000042e000 	C:\Program Files\Java\jdk1.6.0_24\bin\java.exe
0x000007f900ec0000 - 0x000007f90107e000 	C:\WINDOWS\SYSTEM32\ntdll.dll
0x000007f8fe370000 - 0x000007f8fe4a6000 	C:\WINDOWS\system32\KERNEL32.DLL
0x000007f8fe030000 - 0x000007f8fe123000 	C:\WINDOWS\system32\KERNELBASE.dll
0x000007f8fe850000 - 0x000007f8fe92e000 	C:\WINDOWS\system32\ADVAPI32.dll
0x000007f8fe4b0000 - 0x000007f8fe555000 	C:\WINDOWS\system32\msvcrt.dll
0x000007f8ff690000 - 0x000007f8ff6d8000 	C:\WINDOWS\SYSTEM32\sechost.dll
0x000007f8feda0000 - 0x000007f8feee0000 	C:\WINDOWS\system32\RPCRT4.dll
0x000000006d890000 - 0x000000006df94000 	C:\Program Files\Java\jdk1.6.0_24\jre\bin\server\jvm.dll
0x000007f8ff320000 - 0x000007f8ff46c000 	C:\WINDOWS\system32\USER32.dll
0x000007f8f9440000 - 0x000007f8f9460000 	C:\WINDOWS\SYSTEM32\WINMM.dll
0x000007f8fe560000 - 0x000007f8fe6a0000 	C:\WINDOWS\system32\GDI32.dll
0x000007f8f9400000 - 0x000007f8f9432000 	C:\WINDOWS\SYSTEM32\WINMMBASE.dll
0x000007f8ff200000 - 0x000007f8ff239000 	C:\WINDOWS\system32\IMM32.DLL
0x000007f8ff0e0000 - 0x000007f8ff1f5000 	C:\WINDOWS\system32\MSCTF.dll
0x000000006d800000 - 0x000000006d80e000 	C:\Program Files\Java\jdk1.6.0_24\jre\bin\verify.dll
0x000000006d450000 - 0x000000006d477000 	C:\Program Files\Java\jdk1.6.0_24\jre\bin\java.dll
0x000000006d3b0000 - 0x000000006d3ba000 	C:\Program Files\Java\jdk1.6.0_24\jre\bin\hpi.dll
0x000007f8ff240000 - 0x000007f8ff247000 	C:\WINDOWS\system32\PSAPI.DLL
0x000000006d4c0000 - 0x000000006d4f4000 	C:\Program Files\Java\jdk1.6.0_24\jre\bin\jdwp.dll
0x000000006d6d0000 - 0x000000006d6d8000 	C:\Program Files\Java\jdk1.6.0_24\jre\bin\npt.dll
0x000000006d850000 - 0x000000006d862000 	C:\Program Files\Java\jdk1.6.0_24\jre\bin\zip.dll
0x000000006d300000 - 0x000000006d30a000 	C:\Program Files\Java\jdk1.6.0_24\jre\bin\dt_shmem.dll
0x000000006d0a0000 - 0x000000006d263000 	C:\Program Files\Java\jdk1.6.0_24\jre\bin\awt.dll
0x000007f8f0960000 - 0x000007f8f09dd000 	C:\WINDOWS\SYSTEM32\WINSPOOL.DRV
0x000007f8fe6a0000 - 0x000007f8fe81e000 	C:\WINDOWS\system32\ole32.dll
0x000007f8ff9a0000 - 0x000007f900c88000 	C:\WINDOWS\system32\SHELL32.dll
0x000007f8fc230000 - 0x000007f8fc499000 	C:\WINDOWS\WinSxS\amd64_microsoft.windows.common-controls_6595b64144ccf1df_6.0.9200.16384_none_418c2a697189c07f\COMCTL32.dll
0x000007f8febf0000 - 0x000007f8feda0000 	C:\WINDOWS\SYSTEM32\combase.dll
0x000007f8ff640000 - 0x000007f8ff690000 	C:\WINDOWS\system32\SHLWAPI.dll
0x000007f8f9360000 - 0x000007f8f93ff000 	C:\WINDOWS\system32\apphelp.dll
0x000007f8fc4a0000 - 0x000007f8fc4c1000 	C:\WINDOWS\SYSTEM32\DWMAPI.DLL
0x000007f8fcb50000 - 0x000007f8fcc33000 	C:\WINDOWS\system32\uxtheme.dll
0x000007f8fdc10000 - 0x000007f8fdc1a000 	C:\WINDOWS\SYSTEM32\CRYPTBASE.dll
0x000007f8fdbb0000 - 0x000007f8fdc0c000 	C:\WINDOWS\SYSTEM32\bcryptPrimitives.dll
0x000007f8fcf20000 - 0x000007f8fcfb6000 	C:\WINDOWS\SYSTEM32\shcore.dll
0x000000006d340000 - 0x000000006d3a6000 	C:\Program Files\Java\jdk1.6.0_24\jre\bin\fontmanager.dll
0x000007f8cfdf0000 - 0x000007f8d446e000 	C:\Developments\mti_jni_media\x64\Debug\com_objectivemedia_x64.dll
0x000007f8fa530000 - 0x000007f8fa8df000 	C:\WINDOWS\SYSTEM32\d2d1.dll
0x000007f8d8cf0000 - 0x000007f8d8fc4000 	C:\WINDOWS\SYSTEM32\WMVCore.DLL
0x000000005fab0000 - 0x000000005fc80000 	C:\WINDOWS\SYSTEM32\MSVCR100D.dll
0x000000005f9b0000 - 0x000000005faac000 	C:\WINDOWS\SYSTEM32\MSVCP100D.dll
0x000007f8ff250000 - 0x000007f8ff313000 	C:\WINDOWS\system32\OLEAUT32.dll
0x000007f8fb240000 - 0x000007f8fb28d000 	C:\WINDOWS\SYSTEM32\WMASF.DLL
0x000007f8f6470000 - 0x000007f8f6670000 	C:\WINDOWS\SYSTEM32\d3d9.dll
0x000007f8fa4e0000 - 0x000007f8fa4e9000 	C:\WINDOWS\SYSTEM32\VERSION.dll
0x000007f8facf0000 - 0x000007f8fad14000 	C:\WINDOWS\SYSTEM32\prl_umdd.dll
0x000000006d6a0000 - 0x000000006d6b7000 	C:\Program Files\Java\jdk1.6.0_24\jre\bin\net.dll
0x000007f8ff080000 - 0x000007f8ff0d8000 	C:\WINDOWS\system32\WS2_32.dll
0x000007f8feb60000 - 0x000007f8feb69000 	C:\WINDOWS\system32\NSI.dll
0x000007f8fd620000 - 0x000007f8fd67c000 	C:\WINDOWS\system32\mswsock.dll
0x000000006d6c0000 - 0x000000006d6cb000 	C:\Program Files\Java\jdk1.6.0_24\jre\bin\nio.dll
0x000007f8ff900000 - 0x000007f8ff996000 	C:\WINDOWS\SYSTEM32\clbcatq.dll
0x000007f8f7990000 - 0x000007f8f79a7000 	C:\Windows\System32\devenum.dll
0x000007f8ff470000 - 0x000007f8ff640000 	C:\WINDOWS\system32\setupapi.dll
0x000007f8fdfe0000 - 0x000007f8fe02f000 	C:\WINDOWS\system32\CFGMGR32.dll
0x000007f8fdf50000 - 0x000007f8fdf72000 	C:\WINDOWS\system32\DEVOBJ.dll
0x000007f8fc8f0000 - 0x000007f8fc91e000 	C:\WINDOWS\SYSTEM32\ntmarta.dll
0x000007f8fdf80000 - 0x000007f8fdfd5000 	C:\WINDOWS\system32\WINTRUST.dll
0x000007f8fe130000 - 0x000007f8fe307000 	C:\WINDOWS\system32\CRYPT32.dll
0x000007f8fde80000 - 0x000007f8fde96000 	C:\WINDOWS\system32\MSASN1.dll
0x000007f8f79e0000 - 0x000007f8f79ed000 	C:\WINDOWS\SYSTEM32\msdmo.dll
0x000007f8fb200000 - 0x000007f8fb22f000 	C:\Windows\System32\qcap.dll
0x000007f8dd6c0000 - 0x000007f8dd878000 	C:\Windows\System32\quartz.dll
0x000007f8f6670000 - 0x000007f8f66af000 	C:\Windows\System32\ksproxy.ax
0x000007f8f9100000 - 0x000007f8f9107000 	C:\Windows\System32\ksuser.dll
0x000007f8f6460000 - 0x000007f8f646c000 	C:\Windows\System32\vidcap.ax
0x000007f8f6430000 - 0x000007f8f6454000 	C:\Windows\System32\kswdmcap.ax
0x000007f8f62d0000 - 0x000007f8f6424000 	C:\Windows\System32\MFC42.dll
0x000007f8f6170000 - 0x000007f8f622e000 	C:\Windows\System32\ODBC32.dll
0x000000006d5b0000 - 0x000000006d5de000 	C:\Program Files\Java\jdk1.6.0_24\jre\bin\jsound.dll
0x000007f8fc0c0000 - 0x000007f8fc122000 	C:\WINDOWS\SYSTEM32\MMDevAPI.DLL
0x000007f8f9110000 - 0x000007f8f9149000 	C:\WINDOWS\SYSTEM32\wdmaud.drv
0x000007f8fa0c0000 - 0x000007f8fa0c9000 	C:\WINDOWS\SYSTEM32\AVRT.dll
0x000007f8f9040000 - 0x000007f8f90b2000 	C:\WINDOWS\SYSTEM32\AUDIOSES.DLL
0x000007f8fdd70000 - 0x000007f8fddb3000 	C:\WINDOWS\SYSTEM32\powrprof.dll
0x000007f8f9340000 - 0x000007f8f934b000 	C:\WINDOWS\SYSTEM32\msacm32.drv
0x000007f8f8ef0000 - 0x000007f8f8f09000 	C:\WINDOWS\SYSTEM32\MSACM32.dll
0x000007f8f8ee0000 - 0x000007f8f8ee9000 	C:\WINDOWS\SYSTEM32\midimap.dll
0x000000006d2b0000 - 0x000000006d2d8000 	C:\Program Files\Java\jdk1.6.0_24\jre\bin\dcpr.dll
0x000007f8ed6c0000 - 0x000007f8ed755000 	C:\Windows\System32\qedit.dll
0x000007f8fb1d0000 - 0x000007f8fb1f9000 	C:\Windows\System32\MSVFW32.dll
0x000007f900c90000 - 0x000007f900d31000 	C:\WINDOWS\system32\COMDLG32.dll
0x000007f8feee0000 - 0x000007f8ff080000 	C:\WINDOWS\WinSxS\amd64_microsoft.windows.gdiplus_6595b64144ccf1df_1.1.9200.16384_none_72771d4ecc1c3a4d\gdiplus.dll

VM Arguments:
jvm_args: -Xdebug -Xrunjdwp:transport=dt_shmem,address=javadebug -Dfile.encoding=UTF-8 
java_command: objectivemediasample.ObjectiveMediaSample
Launcher Type: SUN_STANDARD

Environment Variables:
CLASSPATH=.;C:\Program Files (x86)\Java\jre6\lib\ext\QTJava.zip
PATH=C:\PROGRAM FILES (X86)\PARALLELS\PARALLELS TOOLS\APPLICATIONS;C:\PROGRAM FILES (X86)\INTEL\COMPOSER XE 2011 SP1\REDIST\INTEL64\IPP;C:\Program Files (x86)\Common Files\Intel\Shared Libraries\REDIST\INTEL64\COMPILER;C:\PROGRAM FILES\COMMON FILES\MICROSOFT SHARED\WINDOWS LIVE;C:\PROGRAM FILES (X86)\COMMON FILES\MICROSOFT SHARED\WINDOWS LIVE;C:\WINDOWS\SYSTEM32;C:\WINDOWS;C:\WINDOWS\SYSTEM32\WBEM;C:\WINDOWS\SYSTEM32\WINDOWSPOWERSHELL\V1.0\;C:\PROGRAM FILES\HEWLETT-PACKARD\DRIVE ENCRYPTION\;C:\PROGRAM FILES (X86)\MICROSOFT SQL SERVER\100\TOOLS\BINN\;C:\PROGRAM FILES\MICROSOFT SQL SERVER\100\TOOLS\BINN\;C:\PROGRAM FILES\MICROSOFT SQL SERVER\100\DTS\BINN\;C:\PROGRAM FILES (X86)\MICROSOFT SQL SERVER\90\TOOLS\BINN\;C:\PROGRAM FILES (X86)\MICROSOFT SQL SERVER\100\TOOLS\BINN\VSSHELL\COMMON7\IDE\;C:\PROGRAM FILES (X86)\MICROSOFT SQL SERVER\100\DTS\BINN\;C:\PROGRAM FILES (X86)\WINDOWS LIVE\SHARED;C:\PROGRAM FILES (X86)\COMMON FILES\INTUIT\QBPOSSDKRUNTIME;C:\PROGRAM FILES (X86)\CARD SCANNING SOLUTIONS\SDK;C:\PROGRAM FILES (X86)\QUICKTIME\QTSYSTEM\;C:\WINDOWS\system32;C:\WINDOWS;C:\WINDOWS\System32\Wbem;C:\WINDOWS\System32\WindowsPowerShell\v1.0\
USERNAME=nathan
OS=Windows_NT
PROCESSOR_IDENTIFIER=Intel64 Family 6 Model 44 Stepping 2, GenuineIntel



---------------  S Y S T E M  ---------------

OS: Windows NT 6.2 Build 9200 

CPU:total 2 (2 cores per cpu, 1 threads per core) family 6 model 44 stepping 2, cmov, cx8, fxsr, mmx, sse, sse2, sse3, ssse3, sse4.1, sse4.2, popcnt

Memory: 4k page, physical 4193844k(1238044k free), swap 8388148k(4689612k free)

vm_info: Java HotSpot(TM) 64-Bit Server VM (19.1-b02) for windows-amd64 JRE (1.6.0_24-b07), built on Feb  2 2011 16:25:45 by "java_re" with MS VC++ 8.0 (VS2005)

time: Tue Jan 22 08:55:09 2013
elapsed time: 105 seconds

